2025-01-09 15:15:15,723 - main - INFO - Starting all searches...
2025-01-09 15:15:15,723 - main - INFO - Starting car search...
2025-01-09 15:15:16,766 - httpx - INFO - HTTP Request: GET https://xiqbuolkrzuqmndwhudd.supabase.co/rest/v1/coches?select=%2A "HTTP/2 200 OK"
2025-01-09 15:15:29,561 - httpx - INFO - HTTP Request: POST https://xiqbuolkrzuqmndwhudd.supabase.co/rest/v1/searches "HTTP/2 201 Created"
2025-01-09 15:15:30,090 - httpx - INFO - HTTP Request: GET https://xiqbuolkrzuqmndwhudd.supabase.co/rest/v1/listings_coches?select=id&url=eq.https%3A%2F%2Fes.wallapop.com%2Fitem%2Fvolkswagen-golf-2007-1082493175 "HTTP/2 200 OK"
2025-01-09 15:15:30,688 - httpx - INFO - HTTP Request: GET https://xiqbuolkrzuqmndwhudd.supabase.co/rest/v1/listings_coches?select=id&url=eq.https%3A%2F%2Fes.wallapop.com%2Fitem%2Fvolkswagen-golf-2006-1082602924 "HTTP/2 200 OK"
2025-01-09 15:15:31,213 - httpx - INFO - HTTP Request: GET https://xiqbuolkrzuqmndwhudd.supabase.co/rest/v1/listings_coches?select=id&url=eq.https%3A%2F%2Fes.wallapop.com%2Fitem%2Fvolkswagen-golf-2016-781859455 "HTTP/2 200 OK"
2025-01-09 15:15:31,424 - httpx - INFO - HTTP Request: GET https://xiqbuolkrzuqmndwhudd.supabase.co/rest/v1/listings_coches?select=id&url=eq.https%3A%2F%2Fes.wallapop.com%2Fitem%2Fvolkswagen-golf-2000-1028798278 "HTTP/2 200 OK"
2025-01-09 15:15:32,020 - httpx - INFO - HTTP Request: GET https://xiqbuolkrzuqmndwhudd.supabase.co/rest/v1/listings_coches?select=id&url=eq.https%3A%2F%2Fes.wallapop.com%2Fitem%2Fvolkswagen-golf-2006-1070190765 "HTTP/2 200 OK"
2025-01-09 15:15:38,778 - httpx - INFO - HTTP Request: POST https://xiqbuolkrzuqmndwhudd.supabase.co/rest/v1/searches "HTTP/2 201 Created"
2025-01-09 15:15:39,290 - httpx - INFO - HTTP Request: GET https://xiqbuolkrzuqmndwhudd.supabase.co/rest/v1/listings_coches?select=id&url=eq.https%3A%2F%2Fes.wallapop.com%2Fitem%2Fvolkswagen-golf-2008-1067191905 "HTTP/2 200 OK"
2025-01-09 15:15:39,823 - httpx - INFO - HTTP Request: GET https://xiqbuolkrzuqmndwhudd.supabase.co/rest/v1/listings_coches?select=id&url=eq.https%3A%2F%2Fes.wallapop.com%2Fitem%2Fvolkswagen-golf-plus-2008-1087408069 "HTTP/2 200 OK"
2025-01-09 15:15:40,330 - httpx - INFO - HTTP Request: GET https://xiqbuolkrzuqmndwhudd.supabase.co/rest/v1/listings_coches?select=id&url=eq.https%3A%2F%2Fes.wallapop.com%2Fitem%2Fvolkswagen-golf-plus-2008-1085938483 "HTTP/2 200 OK"
2025-01-09 15:15:40,855 - httpx - INFO - HTTP Request: GET https://xiqbuolkrzuqmndwhudd.supabase.co/rest/v1/listings_coches?select=id&url=eq.https%3A%2F%2Fes.wallapop.com%2Fitem%2Fvolkswagen-golf-v-1-4-tsi-122-cv-5-puertas-1021350829 "HTTP/2 200 OK"
2025-01-09 15:15:41,994 - httpx - INFO - HTTP Request: GET https://xiqbuolkrzuqmndwhudd.supabase.co/rest/v1/listings_coches?select=id&url=eq.https%3A%2F%2Fes.wallapop.com%2Fitem%2Fvolkswagen-golf-2008-1051517495 "HTTP/2 200 OK"
2025-01-09 15:15:49,846 - httpx - INFO - HTTP Request: POST https://xiqbuolkrzuqmndwhudd.supabase.co/rest/v1/searches "HTTP/2 201 Created"
2025-01-09 15:15:50,366 - httpx - INFO - HTTP Request: GET https://xiqbuolkrzuqmndwhudd.supabase.co/rest/v1/listings_coches?select=id&url=eq.https%3A%2F%2Fes.wallapop.com%2Fitem%2Fvolkswagen-golf-2008-1067191905 "HTTP/2 200 OK"
2025-01-09 15:15:50,593 - httpx - INFO - HTTP Request: GET https://xiqbuolkrzuqmndwhudd.supabase.co/rest/v1/listings_coches?select=id&url=eq.https%3A%2F%2Fes.wallapop.com%2Fitem%2Fvolkswagen-golf-plus-2008-1087408069 "HTTP/2 200 OK"
2025-01-09 15:15:51,169 - httpx - INFO - HTTP Request: GET https://xiqbuolkrzuqmndwhudd.supabase.co/rest/v1/listings_coches?select=id&url=eq.https%3A%2F%2Fes.wallapop.com%2Fitem%2Fvolkswagen-golf-plus-2008-1085938483 "HTTP/2 200 OK"
2025-01-09 15:15:51,368 - httpx - INFO - HTTP Request: GET https://xiqbuolkrzuqmndwhudd.supabase.co/rest/v1/listings_coches?select=id&url=eq.https%3A%2F%2Fes.wallapop.com%2Fitem%2Fvolkswagen-golf-v-1-4-tsi-122-cv-5-puertas-1021350829 "HTTP/2 200 OK"
2025-01-09 15:15:51,586 - httpx - INFO - HTTP Request: GET https://xiqbuolkrzuqmndwhudd.supabase.co/rest/v1/listings_coches?select=id&url=eq.https%3A%2F%2Fes.wallapop.com%2Fitem%2Fvolkswagen-golf-2008-1051517495 "HTTP/2 200 OK"
2025-01-09 15:15:58,049 - httpx - INFO - HTTP Request: POST https://xiqbuolkrzuqmndwhudd.supabase.co/rest/v1/searches "HTTP/2 201 Created"
2025-01-09 15:15:58,643 - httpx - INFO - HTTP Request: GET https://xiqbuolkrzuqmndwhudd.supabase.co/rest/v1/listings_coches?select=id&url=eq.https%3A%2F%2Fes.wallapop.com%2Fitem%2Fvolkswagen-golf-variant-1-6-tdi-2019-accidentado-1085331883 "HTTP/2 200 OK"
2025-01-09 15:15:58,863 - httpx - INFO - HTTP Request: GET https://xiqbuolkrzuqmndwhudd.supabase.co/rest/v1/listings_coches?select=id&url=eq.https%3A%2F%2Fes.wallapop.com%2Fitem%2Fvolkswagen-golf-2017-accidentado-1058937818 "HTTP/2 200 OK"
2025-01-09 15:15:59,446 - httpx - INFO - HTTP Request: GET https://xiqbuolkrzuqmndwhudd.supabase.co/rest/v1/listings_coches?select=id&url=eq.https%3A%2F%2Fes.wallapop.com%2Fitem%2Fvolkswagen-golf-variant-1-6-tdi-105cv-dpf-advance-1066128382 "HTTP/2 200 OK"
2025-01-09 15:15:59,983 - httpx - INFO - HTTP Request: GET https://xiqbuolkrzuqmndwhudd.supabase.co/rest/v1/listings_coches?select=id&url=eq.https%3A%2F%2Fes.wallapop.com%2Fitem%2Fvolkswagen-golf-2012-1064081411 "HTTP/2 200 OK"
2025-01-09 15:16:00,202 - httpx - INFO - HTTP Request: GET https://xiqbuolkrzuqmndwhudd.supabase.co/rest/v1/listings_coches?select=id&url=eq.https%3A%2F%2Fes.wallapop.com%2Fitem%2Fvolkswagen-golf-2013-1008650936 "HTTP/2 200 OK"
2025-01-09 15:16:07,081 - httpx - INFO - HTTP Request: POST https://xiqbuolkrzuqmndwhudd.supabase.co/rest/v1/searches "HTTP/2 201 Created"
2025-01-09 15:16:07,308 - httpx - INFO - HTTP Request: GET https://xiqbuolkrzuqmndwhudd.supabase.co/rest/v1/listings_coches?select=id&url=eq.https%3A%2F%2Fes.wallapop.com%2Fitem%2Fvolkswagen-golf-variant-1-6-tdi-2019-accidentado-1085331883 "HTTP/2 200 OK"
2025-01-09 15:16:07,858 - httpx - INFO - HTTP Request: GET https://xiqbuolkrzuqmndwhudd.supabase.co/rest/v1/listings_coches?select=id&url=eq.https%3A%2F%2Fes.wallapop.com%2Fitem%2Fvolkswagen-golf-2017-accidentado-1058937818 "HTTP/2 200 OK"
2025-01-09 15:16:08,476 - httpx - INFO - HTTP Request: GET https://xiqbuolkrzuqmndwhudd.supabase.co/rest/v1/listings_coches?select=id&url=eq.https%3A%2F%2Fes.wallapop.com%2Fitem%2Fvolkswagen-golf-variant-1-6-tdi-105cv-dpf-advance-1066128382 "HTTP/2 200 OK"
2025-01-09 15:16:09,005 - httpx - INFO - HTTP Request: GET https://xiqbuolkrzuqmndwhudd.supabase.co/rest/v1/listings_coches?select=id&url=eq.https%3A%2F%2Fes.wallapop.com%2Fitem%2Fvolkswagen-golf-2012-1064081411 "HTTP/2 200 OK"
2025-01-09 15:16:09,222 - httpx - INFO - HTTP Request: GET https://xiqbuolkrzuqmndwhudd.supabase.co/rest/v1/listings_coches?select=id&url=eq.https%3A%2F%2Fes.wallapop.com%2Fitem%2Fvolkswagen-golf-2013-1008650936 "HTTP/2 200 OK"
2025-01-09 15:16:15,705 - httpx - INFO - HTTP Request: POST https://xiqbuolkrzuqmndwhudd.supabase.co/rest/v1/searches "HTTP/2 201 Created"
2025-01-09 15:16:16,214 - httpx - INFO - HTTP Request: GET https://xiqbuolkrzuqmndwhudd.supabase.co/rest/v1/listings_coches?select=id&url=eq.https%3A%2F%2Fes.wallapop.com%2Fitem%2Fopel-corsa-2006-1080070675 "HTTP/2 200 OK"
2025-01-09 15:16:16,771 - httpx - INFO - HTTP Request: GET https://xiqbuolkrzuqmndwhudd.supabase.co/rest/v1/listings_coches?select=id&url=eq.https%3A%2F%2Fes.wallapop.com%2Fitem%2Fopel-corsa-2007-1072400845 "HTTP/2 200 OK"
2025-01-09 15:16:16,981 - httpx - INFO - HTTP Request: GET https://xiqbuolkrzuqmndwhudd.supabase.co/rest/v1/listings_coches?select=id&url=eq.https%3A%2F%2Fes.wallapop.com%2Fitem%2Fopel-corsa-2006-1084153158 "HTTP/2 200 OK"
2025-01-09 15:16:17,206 - httpx - INFO - HTTP Request: GET https://xiqbuolkrzuqmndwhudd.supabase.co/rest/v1/listings_coches?select=id&url=eq.https%3A%2F%2Fes.wallapop.com%2Fitem%2Fopel-corsa-2008-1083913776 "HTTP/2 200 OK"
2025-01-09 15:16:17,792 - httpx - INFO - HTTP Request: GET https://xiqbuolkrzuqmndwhudd.supabase.co/rest/v1/listings_coches?select=id&url=eq.https%3A%2F%2Fes.wallapop.com%2Fitem%2Fopel-corsa-2006-967486334 "HTTP/2 200 OK"
2025-01-09 15:16:24,579 - httpx - INFO - HTTP Request: POST https://xiqbuolkrzuqmndwhudd.supabase.co/rest/v1/searches "HTTP/2 201 Created"
2025-01-09 15:16:25,164 - httpx - INFO - HTTP Request: GET https://xiqbuolkrzuqmndwhudd.supabase.co/rest/v1/listings_coches?select=id&url=eq.https%3A%2F%2Fes.wallapop.com%2Fitem%2Fseat-leon-copa-1069309065 "HTTP/2 200 OK"
2025-01-09 15:16:25,781 - httpx - INFO - HTTP Request: GET https://xiqbuolkrzuqmndwhudd.supabase.co/rest/v1/listings_coches?select=id&url=eq.https%3A%2F%2Fes.wallapop.com%2Fitem%2Fseat-leon-2019-1072282789 "HTTP/2 200 OK"
2025-01-09 15:16:26,397 - httpx - INFO - HTTP Request: GET https://xiqbuolkrzuqmndwhudd.supabase.co/rest/v1/listings_coches?select=id&url=eq.https%3A%2F%2Fes.wallapop.com%2Fitem%2Fseat-leon-2012-1-4-tsi-motor-aberoado-1041914982 "HTTP/2 200 OK"
2025-01-09 15:16:26,606 - httpx - INFO - HTTP Request: GET https://xiqbuolkrzuqmndwhudd.supabase.co/rest/v1/listings_coches?select=id&url=eq.https%3A%2F%2Fes.wallapop.com%2Fitem%2Fseat-leon-2014-1079427686 "HTTP/2 200 OK"
2025-01-09 15:16:27,220 - httpx - INFO - HTTP Request: GET https://xiqbuolkrzuqmndwhudd.supabase.co/rest/v1/listings_coches?select=id&url=eq.https%3A%2F%2Fes.wallapop.com%2Fitem%2Fseat-leon-2012-style-copa-1058726490 "HTTP/2 200 OK"
2025-01-09 15:16:34,239 - httpx - INFO - HTTP Request: POST https://xiqbuolkrzuqmndwhudd.supabase.co/rest/v1/searches "HTTP/2 201 Created"
2025-01-09 15:16:34,464 - httpx - INFO - HTTP Request: GET https://xiqbuolkrzuqmndwhudd.supabase.co/rest/v1/listings_coches?select=id&url=eq.https%3A%2F%2Fes.wallapop.com%2Fitem%2Frenault-clio-pegatina-c-1070918541 "HTTP/2 200 OK"
2025-01-09 15:16:34,688 - httpx - INFO - HTTP Request: GET https://xiqbuolkrzuqmndwhudd.supabase.co/rest/v1/listings_coches?select=id&url=eq.https%3A%2F%2Fes.wallapop.com%2Fitem%2Frenault-clio-2014-1073179709 "HTTP/2 200 OK"
2025-01-09 15:16:35,409 - httpx - INFO - HTTP Request: GET https://xiqbuolkrzuqmndwhudd.supabase.co/rest/v1/listings_coches?select=id&url=eq.https%3A%2F%2Fes.wallapop.com%2Fitem%2Frenault-clio-2013-448508230 "HTTP/2 200 OK"
2025-01-09 15:16:35,716 - httpx - INFO - HTTP Request: GET https://xiqbuolkrzuqmndwhudd.supabase.co/rest/v1/listings_coches?select=id&url=eq.https%3A%2F%2Fes.wallapop.com%2Fitem%2Frenault-clio-2013-1080316836 "HTTP/2 200 OK"
2025-01-09 15:16:35,933 - httpx - INFO - HTTP Request: GET https://xiqbuolkrzuqmndwhudd.supabase.co/rest/v1/listings_coches?select=id&url=eq.https%3A%2F%2Fes.wallapop.com%2Fitem%2Frenault-clio-2013-1087418972 "HTTP/2 200 OK"
2025-01-09 15:16:44,370 - httpx - INFO - HTTP Request: POST https://xiqbuolkrzuqmndwhudd.supabase.co/rest/v1/searches "HTTP/2 201 Created"
2025-01-09 15:16:44,920 - httpx - INFO - HTTP Request: GET https://xiqbuolkrzuqmndwhudd.supabase.co/rest/v1/listings_coches?select=id&url=eq.https%3A%2F%2Fes.wallapop.com%2Fitem%2Frenault-clio-2012-925746725 "HTTP/2 200 OK"
2025-01-09 15:16:45,544 - httpx - INFO - HTTP Request: GET https://xiqbuolkrzuqmndwhudd.supabase.co/rest/v1/listings_coches?select=id&url=eq.https%3A%2F%2Fes.wallapop.com%2Fitem%2Frenault-clio-4-societe-energy-dci-55-kw-75-cv-euro-6-1075416375 "HTTP/2 200 OK"
2025-01-09 15:16:46,081 - httpx - INFO - HTTP Request: GET https://xiqbuolkrzuqmndwhudd.supabase.co/rest/v1/listings_coches?select=id&url=eq.https%3A%2F%2Fes.wallapop.com%2Fitem%2Frenault-clio-2012-1085995012 "HTTP/2 200 OK"
2025-01-09 15:16:46,671 - httpx - INFO - HTTP Request: GET https://xiqbuolkrzuqmndwhudd.supabase.co/rest/v1/listings_coches?select=id&url=eq.https%3A%2F%2Fes.wallapop.com%2Fitem%2Frenault-clio-2014-1085721728 "HTTP/2 200 OK"
2025-01-09 15:16:47,282 - httpx - INFO - HTTP Request: GET https://xiqbuolkrzuqmndwhudd.supabase.co/rest/v1/listings_coches?select=id&url=eq.https%3A%2F%2Fes.wallapop.com%2Fitem%2Frenault-clio-2014-312708999 "HTTP/2 200 OK"
2025-01-09 15:16:54,147 - httpx - INFO - HTTP Request: POST https://xiqbuolkrzuqmndwhudd.supabase.co/rest/v1/searches "HTTP/2 201 Created"
2025-01-09 15:16:54,760 - httpx - INFO - HTTP Request: GET https://xiqbuolkrzuqmndwhudd.supabase.co/rest/v1/listings_coches?select=id&url=eq.https%3A%2F%2Fes.wallapop.com%2Fitem%2Fvolkswagen-polo-v-2011-1074859956 "HTTP/2 200 OK"
2025-01-09 15:16:55,374 - httpx - INFO - HTTP Request: GET https://xiqbuolkrzuqmndwhudd.supabase.co/rest/v1/listings_coches?select=id&url=eq.https%3A%2F%2Fes.wallapop.com%2Fitem%2Fvolkswagen-polo-2010-1055067819 "HTTP/2 200 OK"
2025-01-09 15:16:55,898 - httpx - INFO - HTTP Request: GET https://xiqbuolkrzuqmndwhudd.supabase.co/rest/v1/listings_coches?select=id&url=eq.https%3A%2F%2Fes.wallapop.com%2Fitem%2Fvolkswagen-up-2012-1068636954 "HTTP/2 200 OK"
2025-01-09 15:16:56,499 - httpx - INFO - HTTP Request: GET https://xiqbuolkrzuqmndwhudd.supabase.co/rest/v1/listings_coches?select=id&url=eq.https%3A%2F%2Fes.wallapop.com%2Fitem%2Fvolkswagen-polo-2010-991259829 "HTTP/2 200 OK"
2025-01-09 15:16:57,114 - httpx - INFO - HTTP Request: GET https://xiqbuolkrzuqmndwhudd.supabase.co/rest/v1/listings_coches?select=id&url=eq.https%3A%2F%2Fes.wallapop.com%2Fitem%2Fvolkswagen-polo-2011-1083789356 "HTTP/2 200 OK"
2025-01-09 15:17:03,991 - httpx - INFO - HTTP Request: POST https://xiqbuolkrzuqmndwhudd.supabase.co/rest/v1/searches "HTTP/2 201 Created"
2025-01-09 15:17:04,211 - httpx - INFO - HTTP Request: GET https://xiqbuolkrzuqmndwhudd.supabase.co/rest/v1/listings_coches?select=id&url=eq.https%3A%2F%2Fes.wallapop.com%2Fitem%2Fvolkswagen-polo-2011-1081697434 "HTTP/2 200 OK"
2025-01-09 15:17:04,430 - httpx - INFO - HTTP Request: GET https://xiqbuolkrzuqmndwhudd.supabase.co/rest/v1/listings_coches?select=id&url=eq.https%3A%2F%2Fes.wallapop.com%2Fitem%2Fvolkswagen-polo-2012-averia-culata-1084384863 "HTTP/2 200 OK"
2025-01-09 15:17:05,008 - httpx - INFO - HTTP Request: GET https://xiqbuolkrzuqmndwhudd.supabase.co/rest/v1/listings_coches?select=id&url=eq.https%3A%2F%2Fes.wallapop.com%2Fitem%2Fvolkswagen-polo-2011-1058050956 "HTTP/2 200 OK"
2025-01-09 15:17:05,611 - httpx - INFO - HTTP Request: GET https://xiqbuolkrzuqmndwhudd.supabase.co/rest/v1/listings_coches?select=id&url=eq.https%3A%2F%2Fes.wallapop.com%2Fitem%2Fvolkswagen-polo-2012-1082369025 "HTTP/2 200 OK"
2025-01-09 15:17:05,837 - httpx - INFO - HTTP Request: GET https://xiqbuolkrzuqmndwhudd.supabase.co/rest/v1/listings_coches?select=id&url=eq.https%3A%2F%2Fes.wallapop.com%2Fitem%2Fvolkswagen-polo-2012-1081809807 "HTTP/2 200 OK"
2025-01-09 15:17:13,295 - httpx - INFO - HTTP Request: POST https://xiqbuolkrzuqmndwhudd.supabase.co/rest/v1/searches "HTTP/2 201 Created"
2025-01-09 15:17:13,906 - httpx - INFO - HTTP Request: GET https://xiqbuolkrzuqmndwhudd.supabase.co/rest/v1/listings_coches?select=id&url=eq.https%3A%2F%2Fes.wallapop.com%2Fitem%2Fmitsubishi-asx-2015-1083059457 "HTTP/2 200 OK"
2025-01-09 15:17:14,522 - httpx - INFO - HTTP Request: GET https://xiqbuolkrzuqmndwhudd.supabase.co/rest/v1/listings_coches?select=id&url=eq.https%3A%2F%2Fes.wallapop.com%2Fitem%2Fmitsubishi-asx-160-mpi-challenge-1081850783 "HTTP/2 200 OK"
2025-01-09 15:17:15,053 - httpx - INFO - HTTP Request: GET https://xiqbuolkrzuqmndwhudd.supabase.co/rest/v1/listings_coches?select=id&url=eq.https%3A%2F%2Fes.wallapop.com%2Fitem%2Fmitsubishi-asx-160-mpi-motion-1077752416 "HTTP/2 200 OK"
2025-01-09 15:17:15,572 - httpx - INFO - HTTP Request: GET https://xiqbuolkrzuqmndwhudd.supabase.co/rest/v1/listings_coches?select=id&url=eq.https%3A%2F%2Fes.wallapop.com%2Fitem%2Fmitsubishi-asx-160-mpi-motion-1084336974 "HTTP/2 200 OK"
2025-01-09 15:17:15,795 - httpx - INFO - HTTP Request: GET https://xiqbuolkrzuqmndwhudd.supabase.co/rest/v1/listings_coches?select=id&url=eq.https%3A%2F%2Fes.wallapop.com%2Fitem%2Fmitsubishi-asx-2016-1060124775 "HTTP/2 200 OK"
2025-01-09 15:17:23,080 - httpx - INFO - HTTP Request: POST https://xiqbuolkrzuqmndwhudd.supabase.co/rest/v1/searches "HTTP/2 201 Created"
2025-01-09 15:17:23,635 - httpx - INFO - HTTP Request: GET https://xiqbuolkrzuqmndwhudd.supabase.co/rest/v1/listings_coches?select=id&url=eq.https%3A%2F%2Fes.wallapop.com%2Fitem%2Faudi-a3-2012-1010431700 "HTTP/2 200 OK"
2025-01-09 15:17:23,942 - httpx - INFO - HTTP Request: GET https://xiqbuolkrzuqmndwhudd.supabase.co/rest/v1/listings_coches?select=id&url=eq.https%3A%2F%2Fes.wallapop.com%2Fitem%2Faudi-a3-sportback-1075344894 "HTTP/2 200 OK"
2025-01-09 15:17:24,561 - httpx - INFO - HTTP Request: GET https://xiqbuolkrzuqmndwhudd.supabase.co/rest/v1/listings_coches?select=id&url=eq.https%3A%2F%2Fes.wallapop.com%2Fitem%2Faudi-a3-2012-1055570842 "HTTP/2 200 OK"
2025-01-09 15:17:24,766 - httpx - INFO - HTTP Request: GET https://xiqbuolkrzuqmndwhudd.supabase.co/rest/v1/listings_coches?select=id&url=eq.https%3A%2F%2Fes.wallapop.com%2Fitem%2Faudi-a3-1-4-tfsi-stronic-1047820289 "HTTP/2 200 OK"
2025-01-09 15:17:24,983 - httpx - INFO - HTTP Request: GET https://xiqbuolkrzuqmndwhudd.supabase.co/rest/v1/listings_coches?select=id&url=eq.https%3A%2F%2Fes.wallapop.com%2Fitem%2Faudi-a3-1-5-gasolina-150cv-3p-1060934881 "HTTP/2 200 OK"
2025-01-09 15:17:32,449 - httpx - INFO - HTTP Request: POST https://xiqbuolkrzuqmndwhudd.supabase.co/rest/v1/searches "HTTP/2 201 Created"
2025-01-09 15:17:33,058 - httpx - INFO - HTTP Request: GET https://xiqbuolkrzuqmndwhudd.supabase.co/rest/v1/listings_coches?select=id&url=eq.https%3A%2F%2Fes.wallapop.com%2Fitem%2Faudi-a3-2012-1079280309 "HTTP/2 200 OK"
2025-01-09 15:17:33,270 - httpx - INFO - HTTP Request: GET https://xiqbuolkrzuqmndwhudd.supabase.co/rest/v1/listings_coches?select=id&url=eq.https%3A%2F%2Fes.wallapop.com%2Fitem%2Faudi-a3-2019-1087524472 "HTTP/2 200 OK"
2025-01-09 15:17:33,487 - httpx - INFO - HTTP Request: POST https://xiqbuolkrzuqmndwhudd.supabase.co/rest/v1/listings_coches "HTTP/2 201 Created"
2025-01-09 15:17:33,700 - httpx - INFO - HTTP Request: POST https://xiqbuolkrzuqmndwhudd.supabase.co/rest/v1/listing_images_coches "HTTP/2 201 Created"
2025-01-09 15:17:34,283 - httpx - INFO - HTTP Request: GET https://xiqbuolkrzuqmndwhudd.supabase.co/rest/v1/listings_coches?select=id&url=eq.https%3A%2F%2Fes.wallapop.com%2Fitem%2Faudi-a3-sportback-stronic-1066296723 "HTTP/2 200 OK"
2025-01-09 15:17:34,901 - httpx - INFO - HTTP Request: GET https://xiqbuolkrzuqmndwhudd.supabase.co/rest/v1/listings_coches?select=id&url=eq.https%3A%2F%2Fes.wallapop.com%2Fitem%2Faudi-a3-2012-1069547676 "HTTP/2 200 OK"
2025-01-09 15:17:35,124 - httpx - INFO - HTTP Request: GET https://xiqbuolkrzuqmndwhudd.supabase.co/rest/v1/listings_coches?select=id&url=eq.https%3A%2F%2Fes.wallapop.com%2Fitem%2Faudi-a3-2012-2-0tdi-140cv-etiqueta-b-1072218720 "HTTP/2 200 OK"
2025-01-09 15:17:41,872 - httpx - INFO - HTTP Request: POST https://xiqbuolkrzuqmndwhudd.supabase.co/rest/v1/searches "HTTP/2 201 Created"
2025-01-09 15:17:42,096 - httpx - INFO - HTTP Request: GET https://xiqbuolkrzuqmndwhudd.supabase.co/rest/v1/listings_coches?select=id&url=eq.https%3A%2F%2Fes.wallapop.com%2Fitem%2Fseat-ibiza-2023-1083871855 "HTTP/2 200 OK"
2025-01-09 15:17:42,616 - httpx - INFO - HTTP Request: GET https://xiqbuolkrzuqmndwhudd.supabase.co/rest/v1/listings_coches?select=id&url=eq.https%3A%2F%2Fes.wallapop.com%2Fitem%2Fseat-ibiza-2011-1083834858 "HTTP/2 200 OK"
2025-01-09 15:17:42,833 - httpx - INFO - HTTP Request: GET https://xiqbuolkrzuqmndwhudd.supabase.co/rest/v1/listings_coches?select=id&url=eq.https%3A%2F%2Fes.wallapop.com%2Fitem%2Fseat-ibiza-2012-1068494538 "HTTP/2 200 OK"
2025-01-09 15:17:43,059 - httpx - INFO - HTTP Request: GET https://xiqbuolkrzuqmndwhudd.supabase.co/rest/v1/listings_coches?select=id&url=eq.https%3A%2F%2Fes.wallapop.com%2Fitem%2Fseat-ibiza-2011-1083939565 "HTTP/2 200 OK"
2025-01-09 15:17:43,283 - httpx - INFO - HTTP Request: GET https://xiqbuolkrzuqmndwhudd.supabase.co/rest/v1/listings_coches?select=id&url=eq.https%3A%2F%2Fes.wallapop.com%2Fitem%2Fseat-ibiza-2016-1068690437 "HTTP/2 200 OK"
2025-01-09 15:17:50,260 - httpx - INFO - HTTP Request: POST https://xiqbuolkrzuqmndwhudd.supabase.co/rest/v1/searches "HTTP/2 201 Created"
2025-01-09 15:17:50,876 - httpx - INFO - HTTP Request: GET https://xiqbuolkrzuqmndwhudd.supabase.co/rest/v1/listings_coches?select=id&url=eq.https%3A%2F%2Fes.wallapop.com%2Fitem%2Fseat-ibiza-2010-1086411435 "HTTP/2 200 OK"
2025-01-09 15:17:51,103 - httpx - INFO - HTTP Request: GET https://xiqbuolkrzuqmndwhudd.supabase.co/rest/v1/listings_coches?select=id&url=eq.https%3A%2F%2Fes.wallapop.com%2Fitem%2Fseat-ibiza-fr-2015-1087381800 "HTTP/2 200 OK"
2025-01-09 15:17:51,320 - httpx - INFO - HTTP Request: GET https://xiqbuolkrzuqmndwhudd.supabase.co/rest/v1/listings_coches?select=id&url=eq.https%3A%2F%2Fes.wallapop.com%2Fitem%2Fseat-ibiza-2010-1077921310 "HTTP/2 200 OK"
2025-01-09 15:17:51,901 - httpx - INFO - HTTP Request: GET https://xiqbuolkrzuqmndwhudd.supabase.co/rest/v1/listings_coches?select=id&url=eq.https%3A%2F%2Fes.wallapop.com%2Fitem%2Fseat-ibiza-2010-1081508176 "HTTP/2 200 OK"
2025-01-09 15:17:52,121 - httpx - INFO - HTTP Request: GET https://xiqbuolkrzuqmndwhudd.supabase.co/rest/v1/listings_coches?select=id&url=eq.https%3A%2F%2Fes.wallapop.com%2Fitem%2Fseat-ibiza-2010-650135671 "HTTP/2 200 OK"
2025-01-09 15:17:59,243 - httpx - INFO - HTTP Request: POST https://xiqbuolkrzuqmndwhudd.supabase.co/rest/v1/searches "HTTP/2 201 Created"
2025-01-09 15:17:59,460 - httpx - INFO - HTTP Request: GET https://xiqbuolkrzuqmndwhudd.supabase.co/rest/v1/listings_coches?select=id&url=eq.https%3A%2F%2Fes.wallapop.com%2Fitem%2Fopel-astra-2015-1081255896 "HTTP/2 200 OK"
2025-01-09 15:17:59,694 - httpx - INFO - HTTP Request: GET https://xiqbuolkrzuqmndwhudd.supabase.co/rest/v1/listings_coches?select=id&url=eq.https%3A%2F%2Fes.wallapop.com%2Fitem%2Fopel-astra-2015-1086017520 "HTTP/2 200 OK"
2025-01-09 15:18:00,296 - httpx - INFO - HTTP Request: GET https://xiqbuolkrzuqmndwhudd.supabase.co/rest/v1/listings_coches?select=id&url=eq.https%3A%2F%2Fes.wallapop.com%2Fitem%2Fopel-karl-2015-1078981254 "HTTP/2 200 OK"
2025-01-09 15:18:00,519 - httpx - INFO - HTTP Request: GET https://xiqbuolkrzuqmndwhudd.supabase.co/rest/v1/listings_coches?select=id&url=eq.https%3A%2F%2Fes.wallapop.com%2Fitem%2Fopel-astra-1-4-enjoy-74-kw-100-cv-1079738989 "HTTP/2 200 OK"
2025-01-09 15:18:00,744 - httpx - INFO - HTTP Request: GET https://xiqbuolkrzuqmndwhudd.supabase.co/rest/v1/listings_coches?select=id&url=eq.https%3A%2F%2Fes.wallapop.com%2Fitem%2Fopel-astra-1-4-enjoy-74-kw-100-cv-1079737814 "HTTP/2 200 OK"
2025-01-09 15:18:07,188 - httpx - INFO - HTTP Request: POST https://xiqbuolkrzuqmndwhudd.supabase.co/rest/v1/searches "HTTP/2 201 Created"
2025-01-09 15:18:07,403 - httpx - INFO - HTTP Request: GET https://xiqbuolkrzuqmndwhudd.supabase.co/rest/v1/listings_coches?select=id&url=eq.https%3A%2F%2Fes.wallapop.com%2Fitem%2Fopel-astra-j-cdti-1-7-2012-averiado-1084120582 "HTTP/2 200 OK"
2025-01-09 15:18:07,620 - httpx - INFO - HTTP Request: GET https://xiqbuolkrzuqmndwhudd.supabase.co/rest/v1/listings_coches?select=id&url=eq.https%3A%2F%2Fes.wallapop.com%2Fitem%2Fopel-astra-2015-1082777353 "HTTP/2 200 OK"
2025-01-09 15:18:07,832 - httpx - INFO - HTTP Request: GET https://xiqbuolkrzuqmndwhudd.supabase.co/rest/v1/listings_coches?select=id&url=eq.https%3A%2F%2Fes.wallapop.com%2Fitem%2Fopel-astra-2012-1085383531 "HTTP/2 200 OK"
2025-01-09 15:18:08,052 - httpx - INFO - HTTP Request: GET https://xiqbuolkrzuqmndwhudd.supabase.co/rest/v1/listings_coches?select=id&url=eq.https%3A%2F%2Fes.wallapop.com%2Fitem%2Fopel-astra-2015-1010173741 "HTTP/2 200 OK"
2025-01-09 15:18:08,275 - httpx - INFO - HTTP Request: GET https://xiqbuolkrzuqmndwhudd.supabase.co/rest/v1/listings_coches?select=id&url=eq.https%3A%2F%2Fes.wallapop.com%2Fitem%2Fopel-astra-2013-989667121 "HTTP/2 200 OK"
2025-01-09 15:18:15,306 - httpx - INFO - HTTP Request: POST https://xiqbuolkrzuqmndwhudd.supabase.co/rest/v1/searches "HTTP/2 201 Created"
2025-01-09 15:18:15,523 - httpx - INFO - HTTP Request: GET https://xiqbuolkrzuqmndwhudd.supabase.co/rest/v1/listings_coches?select=id&url=eq.https%3A%2F%2Fes.wallapop.com%2Fitem%2Fhyundai-i20-2022-1071270834 "HTTP/2 200 OK"
2025-01-09 15:18:15,739 - httpx - INFO - HTTP Request: GET https://xiqbuolkrzuqmndwhudd.supabase.co/rest/v1/listings_coches?select=id&url=eq.https%3A%2F%2Fes.wallapop.com%2Fitem%2Fhyundai-i20-2016-1085384861 "HTTP/2 200 OK"
2025-01-09 15:18:15,956 - httpx - INFO - HTTP Request: GET https://xiqbuolkrzuqmndwhudd.supabase.co/rest/v1/listings_coches?select=id&url=eq.https%3A%2F%2Fes.wallapop.com%2Fitem%2Fhyundai-i20-1-4mpi-automatico-2016-943540626 "HTTP/2 200 OK"
2025-01-09 15:18:16,169 - httpx - INFO - HTTP Request: GET https://xiqbuolkrzuqmndwhudd.supabase.co/rest/v1/listings_coches?select=id&url=eq.https%3A%2F%2Fes.wallapop.com%2Fitem%2Fhyundai-i20-2017-1076819590 "HTTP/2 200 OK"
2025-01-09 15:18:16,564 - httpx - INFO - HTTP Request: GET https://xiqbuolkrzuqmndwhudd.supabase.co/rest/v1/listings_coches?select=id&url=eq.https%3A%2F%2Fes.wallapop.com%2Fitem%2Fhyundai-i20-2015-1084636990 "HTTP/2 200 OK"
2025-01-09 15:18:23,206 - httpx - INFO - HTTP Request: POST https://xiqbuolkrzuqmndwhudd.supabase.co/rest/v1/searches "HTTP/2 201 Created"
2025-01-09 15:18:23,430 - httpx - INFO - HTTP Request: GET https://xiqbuolkrzuqmndwhudd.supabase.co/rest/v1/listings_coches?select=id&url=eq.https%3A%2F%2Fes.wallapop.com%2Fitem%2Fhyundai-i20-1-1-crdi-25-aniversario-1074913869 "HTTP/2 200 OK"
2025-01-09 15:18:23,660 - httpx - INFO - HTTP Request: GET https://xiqbuolkrzuqmndwhudd.supabase.co/rest/v1/listings_coches?select=id&url=eq.https%3A%2F%2Fes.wallapop.com%2Fitem%2Fhyundai-i20-1-1-crdi-klass-1066365173 "HTTP/2 200 OK"
2025-01-09 15:18:24,211 - httpx - INFO - HTTP Request: GET https://xiqbuolkrzuqmndwhudd.supabase.co/rest/v1/listings_coches?select=id&url=eq.https%3A%2F%2Fes.wallapop.com%2Fitem%2Fhyundai-i20-1-1-crdi-go-55-kw-75-cv-1085863410 "HTTP/2 200 OK"
2025-01-09 15:18:24,566 - httpx - INFO - HTTP Request: GET https://xiqbuolkrzuqmndwhudd.supabase.co/rest/v1/listings_coches?select=id&url=eq.https%3A%2F%2Fes.wallapop.com%2Fitem%2Fhyundai-i20-1-1-crdi-go-55-kw-75-cv-1057457282 "HTTP/2 200 OK"
2025-01-09 15:18:24,872 - httpx - INFO - HTTP Request: GET https://xiqbuolkrzuqmndwhudd.supabase.co/rest/v1/listings_coches?select=id&url=eq.https%3A%2F%2Fes.wallapop.com%2Fitem%2Fhyundai-i20-1-1-crdi-go-55-kw-75-cv-1030162043 "HTTP/2 200 OK"
2025-01-09 15:18:32,907 - httpx - INFO - HTTP Request: POST https://xiqbuolkrzuqmndwhudd.supabase.co/rest/v1/searches "HTTP/2 201 Created"
2025-01-09 15:18:33,473 - httpx - INFO - HTTP Request: GET https://xiqbuolkrzuqmndwhudd.supabase.co/rest/v1/listings_coches?select=id&url=eq.https%3A%2F%2Fes.wallapop.com%2Fitem%2Ftoyota-corolla-2006-1071260229 "HTTP/2 200 OK"
2025-01-09 15:18:33,991 - httpx - INFO - HTTP Request: GET https://xiqbuolkrzuqmndwhudd.supabase.co/rest/v1/listings_coches?select=id&url=eq.https%3A%2F%2Fes.wallapop.com%2Fitem%2Ftoyota-corolla-2006-1050485573 "HTTP/2 200 OK"
2025-01-09 15:18:34,232 - httpx - INFO - HTTP Request: GET https://xiqbuolkrzuqmndwhudd.supabase.co/rest/v1/listings_coches?select=id&url=eq.https%3A%2F%2Fes.wallapop.com%2Fitem%2Ftoyota-corolla-nacional-etiqueta-c-1068557060 "HTTP/2 200 OK"
2025-01-09 15:18:34,453 - httpx - INFO - HTTP Request: GET https://xiqbuolkrzuqmndwhudd.supabase.co/rest/v1/listings_coches?select=id&url=eq.https%3A%2F%2Fes.wallapop.com%2Fitem%2Ftoyota-corolla-2006-1081692111 "HTTP/2 200 OK"
2025-01-09 15:18:34,666 - httpx - INFO - HTTP Request: GET https://xiqbuolkrzuqmndwhudd.supabase.co/rest/v1/listings_coches?select=id&url=eq.https%3A%2F%2Fes.wallapop.com%2Fitem%2Ftoyota-corolla-2006-1036915579 "HTTP/2 200 OK"
2025-01-09 15:18:42,075 - httpx - INFO - HTTP Request: POST https://xiqbuolkrzuqmndwhudd.supabase.co/rest/v1/searches "HTTP/2 201 Created"
2025-01-09 15:18:42,691 - httpx - INFO - HTTP Request: GET https://xiqbuolkrzuqmndwhudd.supabase.co/rest/v1/listings_coches?select=id&url=eq.https%3A%2F%2Fes.wallapop.com%2Fitem%2Ftoyota-corolla-2008-1056349935 "HTTP/2 200 OK"
2025-01-09 15:18:43,248 - httpx - INFO - HTTP Request: GET https://xiqbuolkrzuqmndwhudd.supabase.co/rest/v1/listings_coches?select=id&url=eq.https%3A%2F%2Fes.wallapop.com%2Fitem%2Ftoyota-corolla-2009-1083475613 "HTTP/2 200 OK"
2025-01-09 15:18:43,473 - httpx - INFO - HTTP Request: GET https://xiqbuolkrzuqmndwhudd.supabase.co/rest/v1/listings_coches?select=id&url=eq.https%3A%2F%2Fes.wallapop.com%2Fitem%2Ftoyota-corolla-2006-1073741992 "HTTP/2 200 OK"
2025-01-09 15:18:44,019 - httpx - INFO - HTTP Request: GET https://xiqbuolkrzuqmndwhudd.supabase.co/rest/v1/listings_coches?select=id&url=eq.https%3A%2F%2Fes.wallapop.com%2Fitem%2Ftoyota-corolla-verso-2008-1086385754 "HTTP/2 200 OK"
2025-01-09 15:18:44,554 - httpx - INFO - HTTP Request: GET https://xiqbuolkrzuqmndwhudd.supabase.co/rest/v1/listings_coches?select=id&url=eq.https%3A%2F%2Fes.wallapop.com%2Fitem%2Ftoyota-corolla-verso-1082768711 "HTTP/2 200 OK"
2025-01-09 15:18:51,537 - httpx - INFO - HTTP Request: POST https://xiqbuolkrzuqmndwhudd.supabase.co/rest/v1/searches "HTTP/2 201 Created"
2025-01-09 15:18:51,755 - httpx - INFO - HTTP Request: GET https://xiqbuolkrzuqmndwhudd.supabase.co/rest/v1/listings_coches?select=id&url=eq.https%3A%2F%2Fes.wallapop.com%2Fitem%2Fford-focus-2012-1014951437 "HTTP/2 200 OK"
2025-01-09 15:19:23,263 - httpx - INFO - HTTP Request: POST https://xiqbuolkrzuqmndwhudd.supabase.co/rest/v1/searches "HTTP/2 201 Created"
2025-01-09 15:19:23,505 - httpx - INFO - HTTP Request: GET https://xiqbuolkrzuqmndwhudd.supabase.co/rest/v1/listings_coches?select=id&url=eq.https%3A%2F%2Fes.wallapop.com%2Fitem%2Fpeugeot-208-2014-1081120248 "HTTP/2 200 OK"
2025-01-09 15:19:23,731 - httpx - INFO - HTTP Request: GET https://xiqbuolkrzuqmndwhudd.supabase.co/rest/v1/listings_coches?select=id&url=eq.https%3A%2F%2Fes.wallapop.com%2Fitem%2F12-meses-de-garantia-incluida-en-el-precio-1086648635 "HTTP/2 200 OK"
2025-01-09 15:19:23,958 - httpx - INFO - HTTP Request: GET https://xiqbuolkrzuqmndwhudd.supabase.co/rest/v1/listings_coches?select=id&url=eq.https%3A%2F%2Fes.wallapop.com%2Fitem%2Fpeugeot-208-2019-1075268217 "HTTP/2 200 OK"
2025-01-09 15:19:24,181 - httpx - INFO - HTTP Request: GET https://xiqbuolkrzuqmndwhudd.supabase.co/rest/v1/listings_coches?select=id&url=eq.https%3A%2F%2Fes.wallapop.com%2Fitem%2Fpeugeot-208-2016-1079781709 "HTTP/2 200 OK"
2025-01-09 15:19:24,400 - httpx - INFO - HTTP Request: GET https://xiqbuolkrzuqmndwhudd.supabase.co/rest/v1/listings_coches?select=id&url=eq.https%3A%2F%2Fes.wallapop.com%2Fitem%2Fpeugeot-208-2012-1079192495 "HTTP/2 200 OK"
2025-01-09 15:19:30,901 - httpx - INFO - HTTP Request: POST https://xiqbuolkrzuqmndwhudd.supabase.co/rest/v1/searches "HTTP/2 201 Created"
2025-01-09 15:19:31,112 - httpx - INFO - HTTP Request: GET https://xiqbuolkrzuqmndwhudd.supabase.co/rest/v1/listings_coches?select=id&url=eq.https%3A%2F%2Fes.wallapop.com%2Fitem%2Fpeugeot-2008-2014-1079980368 "HTTP/2 200 OK"
2025-01-09 15:19:31,319 - httpx - INFO - HTTP Request: GET https://xiqbuolkrzuqmndwhudd.supabase.co/rest/v1/listings_coches?select=id&url=eq.https%3A%2F%2Fes.wallapop.com%2Fitem%2Fpeugeot-208-2013-1076246967 "HTTP/2 200 OK"
2025-01-09 15:19:31,525 - httpx - INFO - HTTP Request: GET https://xiqbuolkrzuqmndwhudd.supabase.co/rest/v1/listings_coches?select=id&url=eq.https%3A%2F%2Fes.wallapop.com%2Fitem%2Fpeugeot-208-2014-1072168081 "HTTP/2 200 OK"
2025-01-09 15:19:31,732 - httpx - INFO - HTTP Request: GET https://xiqbuolkrzuqmndwhudd.supabase.co/rest/v1/listings_coches?select=id&url=eq.https%3A%2F%2Fes.wallapop.com%2Fitem%2Fpeugeot-208-2014-1058876142 "HTTP/2 200 OK"
2025-01-09 15:19:32,292 - httpx - INFO - HTTP Request: GET https://xiqbuolkrzuqmndwhudd.supabase.co/rest/v1/listings_coches?select=id&url=eq.https%3A%2F%2Fes.wallapop.com%2Fitem%2Fpeugeot-208-2012-1074933423 "HTTP/2 200 OK"
2025-01-09 15:19:38,713 - httpx - INFO - HTTP Request: POST https://xiqbuolkrzuqmndwhudd.supabase.co/rest/v1/searches "HTTP/2 201 Created"
2025-01-09 15:19:38,932 - httpx - INFO - HTTP Request: GET https://xiqbuolkrzuqmndwhudd.supabase.co/rest/v1/listings_coches?select=id&url=eq.https%3A%2F%2Fes.wallapop.com%2Fitem%2Fcitroen-c3-2010-1084530486 "HTTP/2 200 OK"
2025-01-09 15:19:39,155 - httpx - INFO - HTTP Request: GET https://xiqbuolkrzuqmndwhudd.supabase.co/rest/v1/listings_coches?select=id&url=eq.https%3A%2F%2Fes.wallapop.com%2Fitem%2Fcitroen-c3-2010-1-4i-furio-75cv-131-000km-1087431709 "HTTP/2 200 OK"
2025-01-09 15:19:39,373 - httpx - INFO - HTTP Request: GET https://xiqbuolkrzuqmndwhudd.supabase.co/rest/v1/listings_coches?select=id&url=eq.https%3A%2F%2Fes.wallapop.com%2Fitem%2Fcitroen-c3-2014-1035146165 "HTTP/2 200 OK"
2025-01-09 15:19:39,589 - httpx - INFO - HTTP Request: GET https://xiqbuolkrzuqmndwhudd.supabase.co/rest/v1/listings_coches?select=id&url=eq.https%3A%2F%2Fes.wallapop.com%2Fitem%2Fcitroen-c3-2014-1078717520 "HTTP/2 200 OK"
2025-01-09 15:19:39,803 - httpx - INFO - HTTP Request: GET https://xiqbuolkrzuqmndwhudd.supabase.co/rest/v1/listings_coches?select=id&url=eq.https%3A%2F%2Fes.wallapop.com%2Fitem%2Fcitroen-c3-2015-1081843342 "HTTP/2 200 OK"
2025-01-09 15:19:46,409 - httpx - INFO - HTTP Request: POST https://xiqbuolkrzuqmndwhudd.supabase.co/rest/v1/searches "HTTP/2 201 Created"
2025-01-09 15:19:46,623 - httpx - INFO - HTTP Request: GET https://xiqbuolkrzuqmndwhudd.supabase.co/rest/v1/listings_coches?select=id&url=eq.https%3A%2F%2Fes.wallapop.com%2Fitem%2Fcitroen-c3-2012-1080299453 "HTTP/2 200 OK"
2025-01-09 15:19:46,843 - httpx - INFO - HTTP Request: GET https://xiqbuolkrzuqmndwhudd.supabase.co/rest/v1/listings_coches?select=id&url=eq.https%3A%2F%2Fes.wallapop.com%2Fitem%2Fcitroen-c3-1057636128 "HTTP/2 200 OK"
2025-01-09 15:19:47,053 - httpx - INFO - HTTP Request: GET https://xiqbuolkrzuqmndwhudd.supabase.co/rest/v1/listings_coches?select=id&url=eq.https%3A%2F%2Fes.wallapop.com%2Fitem%2Fcitroen-c3-2013-1075525775 "HTTP/2 200 OK"
2025-01-09 15:19:47,274 - httpx - INFO - HTTP Request: GET https://xiqbuolkrzuqmndwhudd.supabase.co/rest/v1/listings_coches?select=id&url=eq.https%3A%2F%2Fes.wallapop.com%2Fitem%2Fcitroen-c3-2012-1083511777 "HTTP/2 200 OK"
2025-01-09 15:19:47,480 - httpx - INFO - HTTP Request: GET https://xiqbuolkrzuqmndwhudd.supabase.co/rest/v1/listings_coches?select=id&url=eq.https%3A%2F%2Fes.wallapop.com%2Fitem%2Fcitroen-c3-2012-1087192205 "HTTP/2 200 OK"
2025-01-09 15:19:53,985 - httpx - INFO - HTTP Request: POST https://xiqbuolkrzuqmndwhudd.supabase.co/rest/v1/searches "HTTP/2 201 Created"
2025-01-09 15:19:54,219 - httpx - INFO - HTTP Request: GET https://xiqbuolkrzuqmndwhudd.supabase.co/rest/v1/listings_coches?select=id&url=eq.https%3A%2F%2Fes.wallapop.com%2Fitem%2Fford-fiesta-2014-1081429552 "HTTP/2 200 OK"
2025-01-09 15:19:54,820 - httpx - INFO - HTTP Request: GET https://xiqbuolkrzuqmndwhudd.supabase.co/rest/v1/listings_coches?select=id&url=eq.https%3A%2F%2Fes.wallapop.com%2Fitem%2Fford-fiesta-1-2-gasolin-2014-1086352153 "HTTP/2 200 OK"
2025-01-09 15:19:55,340 - httpx - INFO - HTTP Request: GET https://xiqbuolkrzuqmndwhudd.supabase.co/rest/v1/listings_coches?select=id&url=eq.https%3A%2F%2Fes.wallapop.com%2Fitem%2Fford-fiesta-2016-1085597368 "HTTP/2 200 OK"
2025-01-09 15:19:55,566 - httpx - INFO - HTTP Request: GET https://xiqbuolkrzuqmndwhudd.supabase.co/rest/v1/listings_coches?select=id&url=eq.https%3A%2F%2Fes.wallapop.com%2Fitem%2Fford-fiesta-2013-1-0ecoboost-100cv-1065744055 "HTTP/2 200 OK"
2025-01-09 15:19:55,790 - httpx - INFO - HTTP Request: GET https://xiqbuolkrzuqmndwhudd.supabase.co/rest/v1/listings_coches?select=id&url=eq.https%3A%2F%2Fes.wallapop.com%2Fitem%2Fford-fiesta-1-25-105-000km-peg-medioambiental-c-1085427473 "HTTP/2 200 OK"
2025-01-09 15:20:02,085 - httpx - INFO - HTTP Request: POST https://xiqbuolkrzuqmndwhudd.supabase.co/rest/v1/searches "HTTP/2 201 Created"
2025-01-09 15:20:02,309 - httpx - INFO - HTTP Request: GET https://xiqbuolkrzuqmndwhudd.supabase.co/rest/v1/listings_coches?select=id&url=eq.https%3A%2F%2Fes.wallapop.com%2Fitem%2Fford-fiesta-2016-969839749 "HTTP/2 200 OK"
2025-01-09 15:20:02,532 - httpx - INFO - HTTP Request: GET https://xiqbuolkrzuqmndwhudd.supabase.co/rest/v1/listings_coches?select=id&url=eq.https%3A%2F%2Fes.wallapop.com%2Fitem%2Fford-fiesta-2014-ano-de-matriculacion-982999180 "HTTP/2 200 OK"
2025-01-09 15:20:02,759 - httpx - INFO - HTTP Request: GET https://xiqbuolkrzuqmndwhudd.supabase.co/rest/v1/listings_coches?select=id&url=eq.https%3A%2F%2Fes.wallapop.com%2Fitem%2Fford-fiesta-1084312782 "HTTP/2 200 OK"
2025-01-09 15:20:02,999 - httpx - INFO - HTTP Request: GET https://xiqbuolkrzuqmndwhudd.supabase.co/rest/v1/listings_coches?select=id&url=eq.https%3A%2F%2Fes.wallapop.com%2Fitem%2Fford-fiesta-comercial-1072945747 "HTTP/2 200 OK"
2025-01-09 15:20:03,215 - httpx - INFO - HTTP Request: GET https://xiqbuolkrzuqmndwhudd.supabase.co/rest/v1/listings_coches?select=id&url=eq.https%3A%2F%2Fes.wallapop.com%2Fitem%2Fford-fiesta-2015-832814314 "HTTP/2 200 OK"
2025-01-09 15:20:09,694 - httpx - INFO - HTTP Request: POST https://xiqbuolkrzuqmndwhudd.supabase.co/rest/v1/searches "HTTP/2 201 Created"
2025-01-09 15:20:09,916 - httpx - INFO - HTTP Request: GET https://xiqbuolkrzuqmndwhudd.supabase.co/rest/v1/listings_coches?select=id&url=eq.https%3A%2F%2Fes.wallapop.com%2Fitem%2Fmazda-cx-30-evolution-2-0-automatico-1079931117 "HTTP/2 200 OK"
2025-01-09 15:20:10,146 - httpx - INFO - HTTP Request: GET https://xiqbuolkrzuqmndwhudd.supabase.co/rest/v1/listings_coches?select=id&url=eq.https%3A%2F%2Fes.wallapop.com%2Fitem%2Fmazda-2-iruka-1-3-75cv-1066367481 "HTTP/2 200 OK"
2025-01-09 15:20:10,669 - httpx - INFO - HTTP Request: GET https://xiqbuolkrzuqmndwhudd.supabase.co/rest/v1/listings_coches?select=id&url=eq.https%3A%2F%2Fes.wallapop.com%2Fitem%2Fmazda-3-2019-1078967941 "HTTP/2 200 OK"
2025-01-09 15:20:10,895 - httpx - INFO - HTTP Request: GET https://xiqbuolkrzuqmndwhudd.supabase.co/rest/v1/listings_coches?select=id&url=eq.https%3A%2F%2Fes.wallapop.com%2Fitem%2Fmazda-3-2013-1063644897 "HTTP/2 200 OK"
2025-01-09 15:20:11,421 - httpx - INFO - HTTP Request: GET https://xiqbuolkrzuqmndwhudd.supabase.co/rest/v1/listings_coches?select=id&url=eq.https%3A%2F%2Fes.wallapop.com%2Fitem%2Fmazda-cx-3-2016-1049207094 "HTTP/2 200 OK"
2025-01-09 15:20:18,158 - httpx - INFO - HTTP Request: POST https://xiqbuolkrzuqmndwhudd.supabase.co/rest/v1/searches "HTTP/2 201 Created"
2025-01-09 15:20:18,379 - httpx - INFO - HTTP Request: GET https://xiqbuolkrzuqmndwhudd.supabase.co/rest/v1/listings_coches?select=id&url=eq.https%3A%2F%2Fes.wallapop.com%2Fitem%2Fmazda-5-2014-1076422019 "HTTP/2 200 OK"
2025-01-09 15:20:18,594 - httpx - INFO - HTTP Request: GET https://xiqbuolkrzuqmndwhudd.supabase.co/rest/v1/listings_coches?select=id&url=eq.https%3A%2F%2Fes.wallapop.com%2Fitem%2Fmazda-3-2017-1083913468 "HTTP/2 200 OK"
2025-01-09 15:20:18,819 - httpx - INFO - HTTP Request: GET https://xiqbuolkrzuqmndwhudd.supabase.co/rest/v1/listings_coches?select=id&url=eq.https%3A%2F%2Fes.wallapop.com%2Fitem%2Fmazda-cx-3-2015-1076791056 "HTTP/2 200 OK"
2025-01-09 15:20:19,042 - httpx - INFO - HTTP Request: GET https://xiqbuolkrzuqmndwhudd.supabase.co/rest/v1/listings_coches?select=id&url=eq.https%3A%2F%2Fes.wallapop.com%2Fitem%2Fmazda-3-2015-1043806211 "HTTP/2 200 OK"
2025-01-09 15:20:19,269 - httpx - INFO - HTTP Request: GET https://xiqbuolkrzuqmndwhudd.supabase.co/rest/v1/listings_coches?select=id&url=eq.https%3A%2F%2Fes.wallapop.com%2Fitem%2Fmazda-mazda3-3-5p-skyactiv-d-2-2-150-cv-luxury-1082398098 "HTTP/2 200 OK"
2025-01-09 15:20:25,706 - httpx - INFO - HTTP Request: POST https://xiqbuolkrzuqmndwhudd.supabase.co/rest/v1/searches "HTTP/2 201 Created"
2025-01-09 15:20:25,919 - httpx - INFO - HTTP Request: GET https://xiqbuolkrzuqmndwhudd.supabase.co/rest/v1/listings_coches?select=id&url=eq.https%3A%2F%2Fes.wallapop.com%2Fitem%2Fkia-ceed-2013-1047126717 "HTTP/2 200 OK"
2025-01-09 15:20:26,133 - httpx - INFO - HTTP Request: GET https://xiqbuolkrzuqmndwhudd.supabase.co/rest/v1/listings_coches?select=id&url=eq.https%3A%2F%2Fes.wallapop.com%2Fitem%2Fkia-ceed-2012-1053501135 "HTTP/2 200 OK"
2025-01-09 15:20:26,357 - httpx - INFO - HTTP Request: GET https://xiqbuolkrzuqmndwhudd.supabase.co/rest/v1/listings_coches?select=id&url=eq.https%3A%2F%2Fes.wallapop.com%2Fitem%2Fkia-ceed-2015-1052100555 "HTTP/2 200 OK"
2025-01-09 15:20:26,571 - httpx - INFO - HTTP Request: GET https://xiqbuolkrzuqmndwhudd.supabase.co/rest/v1/listings_coches?select=id&url=eq.https%3A%2F%2Fes.wallapop.com%2Fitem%2Fkia-rio-1-2-basic-1071375081 "HTTP/2 200 OK"
2025-01-09 15:20:26,829 - httpx - INFO - HTTP Request: GET https://xiqbuolkrzuqmndwhudd.supabase.co/rest/v1/listings_coches?select=id&url=eq.https%3A%2F%2Fes.wallapop.com%2Fitem%2Fkia-ceed-2014-1084551874 "HTTP/2 200 OK"
2025-01-09 15:20:33,647 - httpx - INFO - HTTP Request: POST https://xiqbuolkrzuqmndwhudd.supabase.co/rest/v1/searches "HTTP/2 201 Created"
2025-01-09 15:20:33,865 - httpx - INFO - HTTP Request: GET https://xiqbuolkrzuqmndwhudd.supabase.co/rest/v1/listings_coches?select=id&url=eq.https%3A%2F%2Fes.wallapop.com%2Fitem%2Fkia-ceed-2013-1084658855 "HTTP/2 200 OK"
2025-01-09 15:20:34,097 - httpx - INFO - HTTP Request: GET https://xiqbuolkrzuqmndwhudd.supabase.co/rest/v1/listings_coches?select=id&url=eq.https%3A%2F%2Fes.wallapop.com%2Fitem%2Fkia-ceed-2012-977624865 "HTTP/2 200 OK"
2025-01-09 15:20:34,662 - httpx - INFO - HTTP Request: GET https://xiqbuolkrzuqmndwhudd.supabase.co/rest/v1/listings_coches?select=id&url=eq.https%3A%2F%2Fes.wallapop.com%2Fitem%2Fkia-ceed-2014-1060821954 "HTTP/2 200 OK"
2025-01-09 15:20:34,885 - httpx - INFO - HTTP Request: GET https://xiqbuolkrzuqmndwhudd.supabase.co/rest/v1/listings_coches?select=id&url=eq.https%3A%2F%2Fes.wallapop.com%2Fitem%2Fkia-ceed-2013-1049066655 "HTTP/2 200 OK"
2025-01-09 15:20:35,106 - httpx - INFO - HTTP Request: GET https://xiqbuolkrzuqmndwhudd.supabase.co/rest/v1/listings_coches?select=id&url=eq.https%3A%2F%2Fes.wallapop.com%2Fitem%2Fkia-ceed-2013-1006966073 "HTTP/2 200 OK"
2025-01-09 15:20:42,079 - httpx - INFO - HTTP Request: POST https://xiqbuolkrzuqmndwhudd.supabase.co/rest/v1/searches "HTTP/2 201 Created"
2025-01-09 15:20:42,294 - httpx - INFO - HTTP Request: GET https://xiqbuolkrzuqmndwhudd.supabase.co/rest/v1/listings_coches?select=id&url=eq.https%3A%2F%2Fes.wallapop.com%2Fitem%2Fhonda-civic-etiqueta-verde-c-1083581076 "HTTP/2 200 OK"
2025-01-09 15:20:42,510 - httpx - INFO - HTTP Request: GET https://xiqbuolkrzuqmndwhudd.supabase.co/rest/v1/listings_coches?select=id&url=eq.https%3A%2F%2Fes.wallapop.com%2Fitem%2Fhonda-civic-2014-1057865577 "HTTP/2 200 OK"
2025-01-09 15:20:42,729 - httpx - INFO - HTTP Request: GET https://xiqbuolkrzuqmndwhudd.supabase.co/rest/v1/listings_coches?select=id&url=eq.https%3A%2F%2Fes.wallapop.com%2Fitem%2Fhonda-civic-1-4-i-vtec-sport-1049924784 "HTTP/2 200 OK"
2025-01-09 15:20:42,943 - httpx - INFO - HTTP Request: GET https://xiqbuolkrzuqmndwhudd.supabase.co/rest/v1/listings_coches?select=id&url=eq.https%3A%2F%2Fes.wallapop.com%2Fitem%2Fhonda-civic-1-4-i-vtec-sport-1060311274 "HTTP/2 200 OK"
2025-01-09 15:20:43,155 - httpx - INFO - HTTP Request: GET https://xiqbuolkrzuqmndwhudd.supabase.co/rest/v1/listings_coches?select=id&url=eq.https%3A%2F%2Fes.wallapop.com%2Fitem%2Fhonda-civic-sport-2013-1-8-i-vtec-142cv-etiqueta-c-1023529267 "HTTP/2 200 OK"
2025-01-09 15:20:49,576 - httpx - INFO - HTTP Request: POST https://xiqbuolkrzuqmndwhudd.supabase.co/rest/v1/searches "HTTP/2 201 Created"
2025-01-09 15:20:49,790 - httpx - INFO - HTTP Request: GET https://xiqbuolkrzuqmndwhudd.supabase.co/rest/v1/listings_coches?select=id&url=eq.https%3A%2F%2Fes.wallapop.com%2Fitem%2Fhonda-civic-2015-1004006703 "HTTP/2 200 OK"
2025-01-09 15:20:50,010 - httpx - INFO - HTTP Request: GET https://xiqbuolkrzuqmndwhudd.supabase.co/rest/v1/listings_coches?select=id&url=eq.https%3A%2F%2Fes.wallapop.com%2Fitem%2Fhonda-civic-2-2-i-dtec-150cv-2012-1059496936 "HTTP/2 200 OK"
2025-01-09 15:20:50,236 - httpx - INFO - HTTP Request: GET https://xiqbuolkrzuqmndwhudd.supabase.co/rest/v1/listings_coches?select=id&url=eq.https%3A%2F%2Fes.wallapop.com%2Fitem%2Fhonda-civic-1-6-i-dtec-sport-navi-1081331736 "HTTP/2 200 OK"
2025-01-09 15:20:50,471 - httpx - INFO - HTTP Request: GET https://xiqbuolkrzuqmndwhudd.supabase.co/rest/v1/listings_coches?select=id&url=eq.https%3A%2F%2Fes.wallapop.com%2Fitem%2Fhonda-civic-1-6-idtec-executive-1086522509 "HTTP/2 200 OK"
2025-01-09 15:20:50,700 - httpx - INFO - HTTP Request: GET https://xiqbuolkrzuqmndwhudd.supabase.co/rest/v1/listings_coches?select=id&url=eq.https%3A%2F%2Fes.wallapop.com%2Fitem%2Fhonda-civic-2016-1083000016 "HTTP/2 200 OK"
2025-01-09 15:20:57,409 - httpx - INFO - HTTP Request: POST https://xiqbuolkrzuqmndwhudd.supabase.co/rest/v1/searches "HTTP/2 201 Created"
2025-01-09 15:20:57,626 - httpx - INFO - HTTP Request: GET https://xiqbuolkrzuqmndwhudd.supabase.co/rest/v1/listings_coches?select=id&url=eq.https%3A%2F%2Fes.wallapop.com%2Fitem%2Fskoda-octavia-combi-1-0-tsi-85kw-115cv-dsg-like-1066075999 "HTTP/2 200 OK"
2025-01-09 15:20:57,844 - httpx - INFO - HTTP Request: GET https://xiqbuolkrzuqmndwhudd.supabase.co/rest/v1/listings_coches?select=id&url=eq.https%3A%2F%2Fes.wallapop.com%2Fitem%2Fskoda-octavia-1-4-tsi-like-110-kw-150-cv-1086178116 "HTTP/2 200 OK"
2025-01-09 15:20:58,074 - httpx - INFO - HTTP Request: GET https://xiqbuolkrzuqmndwhudd.supabase.co/rest/v1/listings_coches?select=id&url=eq.https%3A%2F%2Fes.wallapop.com%2Fitem%2Fskoda-octavia-1-4-tsi-like-110-kw-150-cv-1078917735 "HTTP/2 200 OK"
2025-01-09 15:20:58,322 - httpx - INFO - HTTP Request: GET https://xiqbuolkrzuqmndwhudd.supabase.co/rest/v1/listings_coches?select=id&url=eq.https%3A%2F%2Fes.wallapop.com%2Fitem%2Fskoda-octavia-1-4-tsi-like-110-kw-150-cv-1078300289 "HTTP/2 200 OK"
2025-01-09 15:20:58,551 - httpx - INFO - HTTP Request: GET https://xiqbuolkrzuqmndwhudd.supabase.co/rest/v1/listings_coches?select=id&url=eq.https%3A%2F%2Fes.wallapop.com%2Fitem%2Fskoda-octavia-1-4-tsi-like-110-kw-150-cv-1076323393 "HTTP/2 200 OK"
2025-01-09 15:21:04,969 - httpx - INFO - HTTP Request: POST https://xiqbuolkrzuqmndwhudd.supabase.co/rest/v1/searches "HTTP/2 201 Created"
2025-01-09 15:21:05,192 - httpx - INFO - HTTP Request: GET https://xiqbuolkrzuqmndwhudd.supabase.co/rest/v1/listings_coches?select=id&url=eq.https%3A%2F%2Fes.wallapop.com%2Fitem%2Fskoda-octavia-combi-dsg-1086375295 "HTTP/2 200 OK"
2025-01-09 15:21:05,409 - httpx - INFO - HTTP Request: GET https://xiqbuolkrzuqmndwhudd.supabase.co/rest/v1/listings_coches?select=id&url=eq.https%3A%2F%2Fes.wallapop.com%2Fitem%2Fskoda-octavia-2015-1085181870 "HTTP/2 200 OK"
2025-01-09 15:21:05,633 - httpx - INFO - HTTP Request: GET https://xiqbuolkrzuqmndwhudd.supabase.co/rest/v1/listings_coches?select=id&url=eq.https%3A%2F%2Fes.wallapop.com%2Fitem%2Fskoda-octavia-2015-998773152 "HTTP/2 200 OK"
2025-01-09 15:21:05,854 - httpx - INFO - HTTP Request: GET https://xiqbuolkrzuqmndwhudd.supabase.co/rest/v1/listings_coches?select=id&url=eq.https%3A%2F%2Fes.wallapop.com%2Fitem%2Fskoda-octavia-2013-1079850480 "HTTP/2 200 OK"
2025-01-09 15:21:06,068 - httpx - INFO - HTTP Request: GET https://xiqbuolkrzuqmndwhudd.supabase.co/rest/v1/listings_coches?select=id&url=eq.https%3A%2F%2Fes.wallapop.com%2Fitem%2Fskoda-octavia-2014-1072061343 "HTTP/2 200 OK"
2025-01-09 15:21:13,455 - httpx - INFO - HTTP Request: POST https://xiqbuolkrzuqmndwhudd.supabase.co/rest/v1/searches "HTTP/2 201 Created"
2025-01-09 15:21:13,668 - httpx - INFO - HTTP Request: GET https://xiqbuolkrzuqmndwhudd.supabase.co/rest/v1/listings_coches?select=id&url=eq.https%3A%2F%2Fes.wallapop.com%2Fitem%2Frenault-megane-2014-1-5-dci-110-cv-5-puertas-restilyng-1049722773 "HTTP/2 200 OK"
2025-01-09 15:21:13,884 - httpx - INFO - HTTP Request: GET https://xiqbuolkrzuqmndwhudd.supabase.co/rest/v1/listings_coches?select=id&url=eq.https%3A%2F%2Fes.wallapop.com%2Fitem%2Frenault-megane-2014-1060136803 "HTTP/2 200 OK"
2025-01-09 15:21:14,105 - httpx - INFO - HTTP Request: GET https://xiqbuolkrzuqmndwhudd.supabase.co/rest/v1/listings_coches?select=id&url=eq.https%3A%2F%2Fes.wallapop.com%2Fitem%2Frenault-megane-2016-1035148705 "HTTP/2 200 OK"
2025-01-09 15:21:14,320 - httpx - INFO - HTTP Request: GET https://xiqbuolkrzuqmndwhudd.supabase.co/rest/v1/listings_coches?select=id&url=eq.https%3A%2F%2Fes.wallapop.com%2Fitem%2Frenault-megane-1-5dci-2014-90000km-1077912842 "HTTP/2 200 OK"
2025-01-09 15:21:14,540 - httpx - INFO - HTTP Request: GET https://xiqbuolkrzuqmndwhudd.supabase.co/rest/v1/listings_coches?select=id&url=eq.https%3A%2F%2Fes.wallapop.com%2Fitem%2Frenault-megane-sport-tourer-1082338464 "HTTP/2 200 OK"
2025-01-09 15:21:34,506 - httpx - INFO - HTTP Request: POST https://xiqbuolkrzuqmndwhudd.supabase.co/rest/v1/searches "HTTP/2 201 Created"
2025-01-09 15:21:35,071 - httpx - INFO - HTTP Request: GET https://xiqbuolkrzuqmndwhudd.supabase.co/rest/v1/listings_coches?select=id&url=eq.https%3A%2F%2Fes.wallapop.com%2Fitem%2Fnissan-juke-2011-1074591773 "HTTP/2 200 OK"
2025-01-09 15:21:35,380 - httpx - INFO - HTTP Request: GET https://xiqbuolkrzuqmndwhudd.supabase.co/rest/v1/listings_coches?select=id&url=eq.https%3A%2F%2Fes.wallapop.com%2Fitem%2Fnissan-juke-2013-1073036964 "HTTP/2 200 OK"
2025-01-09 15:21:35,601 - httpx - INFO - HTTP Request: GET https://xiqbuolkrzuqmndwhudd.supabase.co/rest/v1/listings_coches?select=id&url=eq.https%3A%2F%2Fes.wallapop.com%2Fitem%2Fnissan-juke-2011-1045086126 "HTTP/2 200 OK"
2025-01-09 15:21:35,818 - httpx - INFO - HTTP Request: GET https://xiqbuolkrzuqmndwhudd.supabase.co/rest/v1/listings_coches?select=id&url=eq.https%3A%2F%2Fes.wallapop.com%2Fitem%2Fnissan-juke-2012-1080741768 "HTTP/2 200 OK"
2025-01-09 15:21:36,046 - httpx - INFO - HTTP Request: GET https://xiqbuolkrzuqmndwhudd.supabase.co/rest/v1/listings_coches?select=id&url=eq.https%3A%2F%2Fes.wallapop.com%2Fitem%2Fnissan-juke-2012-1072358399 "HTTP/2 200 OK"
2025-01-09 15:21:42,504 - httpx - INFO - HTTP Request: POST https://xiqbuolkrzuqmndwhudd.supabase.co/rest/v1/searches "HTTP/2 201 Created"
2025-01-09 15:21:42,715 - httpx - INFO - HTTP Request: GET https://xiqbuolkrzuqmndwhudd.supabase.co/rest/v1/listings_coches?select=id&url=eq.https%3A%2F%2Fes.wallapop.com%2Fitem%2Fsuzuki-swift-2015-1066960138 "HTTP/2 200 OK"
2025-01-09 15:21:42,935 - httpx - INFO - HTTP Request: GET https://xiqbuolkrzuqmndwhudd.supabase.co/rest/v1/listings_coches?select=id&url=eq.https%3A%2F%2Fes.wallapop.com%2Fitem%2Fsuzuki-swift-2015-1037250328 "HTTP/2 200 OK"
2025-01-09 15:21:43,156 - httpx - INFO - HTTP Request: GET https://xiqbuolkrzuqmndwhudd.supabase.co/rest/v1/listings_coches?select=id&url=eq.https%3A%2F%2Fes.wallapop.com%2Fitem%2Fsuzuki-swift-1-2-black-white-5p-1066094140 "HTTP/2 200 OK"
2025-01-09 15:21:43,368 - httpx - INFO - HTTP Request: GET https://xiqbuolkrzuqmndwhudd.supabase.co/rest/v1/listings_coches?select=id&url=eq.https%3A%2F%2Fes.wallapop.com%2Fitem%2Fsuzuki-swift-2018-1086745882 "HTTP/2 200 OK"
2025-01-09 15:21:43,582 - httpx - INFO - HTTP Request: GET https://xiqbuolkrzuqmndwhudd.supabase.co/rest/v1/listings_coches?select=id&url=eq.https%3A%2F%2Fes.wallapop.com%2Fitem%2Fsuzuki-swift-glx-4x4-1083849838 "HTTP/2 200 OK"
2025-01-09 15:21:49,968 - httpx - INFO - HTTP Request: POST https://xiqbuolkrzuqmndwhudd.supabase.co/rest/v1/searches "HTTP/2 201 Created"
2025-01-09 15:21:50,189 - httpx - INFO - HTTP Request: GET https://xiqbuolkrzuqmndwhudd.supabase.co/rest/v1/listings_coches?select=id&url=eq.https%3A%2F%2Fes.wallapop.com%2Fitem%2Ffiat-500-2013-1062781602 "HTTP/2 200 OK"
2025-01-09 15:21:50,407 - httpx - INFO - HTTP Request: GET https://xiqbuolkrzuqmndwhudd.supabase.co/rest/v1/listings_coches?select=id&url=eq.https%3A%2F%2Fes.wallapop.com%2Fitem%2Ffiat-500-2012-1083970965 "HTTP/2 200 OK"
2025-01-09 15:21:50,619 - httpx - INFO - HTTP Request: GET https://xiqbuolkrzuqmndwhudd.supabase.co/rest/v1/listings_coches?select=id&url=eq.https%3A%2F%2Fes.wallapop.com%2Fitem%2Ffiat-500-2012-1003511060 "HTTP/2 200 OK"
2025-01-09 15:21:50,831 - httpx - INFO - HTTP Request: GET https://xiqbuolkrzuqmndwhudd.supabase.co/rest/v1/listings_coches?select=id&url=eq.https%3A%2F%2Fes.wallapop.com%2Fitem%2Ffiat-500-2017-1072930738 "HTTP/2 200 OK"
2025-01-09 15:21:51,052 - httpx - INFO - HTTP Request: GET https://xiqbuolkrzuqmndwhudd.supabase.co/rest/v1/listings_coches?select=id&url=eq.https%3A%2F%2Fes.wallapop.com%2Fitem%2Ffiat-500-2014-1069955541 "HTTP/2 200 OK"
2025-01-09 15:21:57,501 - httpx - INFO - HTTP Request: POST https://xiqbuolkrzuqmndwhudd.supabase.co/rest/v1/searches "HTTP/2 201 Created"
2025-01-09 15:21:57,721 - httpx - INFO - HTTP Request: GET https://xiqbuolkrzuqmndwhudd.supabase.co/rest/v1/listings_coches?select=id&url=eq.https%3A%2F%2Fes.wallapop.com%2Fitem%2Fbmw-serie-1-2013-1011916171 "HTTP/2 200 OK"
2025-01-09 15:21:57,931 - httpx - INFO - HTTP Request: GET https://xiqbuolkrzuqmndwhudd.supabase.co/rest/v1/listings_coches?select=id&url=eq.https%3A%2F%2Fes.wallapop.com%2Fitem%2Fbmw-serie-1-116i-sport-5p-2012-1082128319 "HTTP/2 200 OK"
2025-01-09 15:21:58,138 - httpx - INFO - HTTP Request: GET https://xiqbuolkrzuqmndwhudd.supabase.co/rest/v1/listings_coches?select=id&url=eq.https%3A%2F%2Fes.wallapop.com%2Fitem%2Fbmw-serie-1-2013-1081114811 "HTTP/2 200 OK"
2025-01-09 15:21:58,350 - httpx - INFO - HTTP Request: GET https://xiqbuolkrzuqmndwhudd.supabase.co/rest/v1/listings_coches?select=id&url=eq.https%3A%2F%2Fes.wallapop.com%2Fitem%2Fbmw-serie-1-2013-1078896999 "HTTP/2 200 OK"
2025-01-09 15:21:58,573 - httpx - INFO - HTTP Request: GET https://xiqbuolkrzuqmndwhudd.supabase.co/rest/v1/listings_coches?select=id&url=eq.https%3A%2F%2Fes.wallapop.com%2Fitem%2Fbmw-serie-1-1078664563 "HTTP/2 200 OK"
2025-01-09 15:22:05,565 - httpx - INFO - HTTP Request: POST https://xiqbuolkrzuqmndwhudd.supabase.co/rest/v1/searches "HTTP/2 201 Created"
2025-01-09 15:22:05,786 - httpx - INFO - HTTP Request: GET https://xiqbuolkrzuqmndwhudd.supabase.co/rest/v1/listings_coches?select=id&url=eq.https%3A%2F%2Fes.wallapop.com%2Fitem%2Fbmw-serie-1-2012-1086149884 "HTTP/2 200 OK"
2025-01-09 15:22:05,998 - httpx - INFO - HTTP Request: GET https://xiqbuolkrzuqmndwhudd.supabase.co/rest/v1/listings_coches?select=id&url=eq.https%3A%2F%2Fes.wallapop.com%2Fitem%2Fbmw-serie-1-2012-1085408488 "HTTP/2 200 OK"
2025-01-09 15:22:06,225 - httpx - INFO - HTTP Request: GET https://xiqbuolkrzuqmndwhudd.supabase.co/rest/v1/listings_coches?select=id&url=eq.https%3A%2F%2Fes.wallapop.com%2Fitem%2Fbmw-serie-1-2014-999129002 "HTTP/2 200 OK"
2025-01-09 15:22:06,439 - httpx - INFO - HTTP Request: GET https://xiqbuolkrzuqmndwhudd.supabase.co/rest/v1/listings_coches?select=id&url=eq.https%3A%2F%2Fes.wallapop.com%2Fitem%2Fbmw-serie-1-2012-1080020356 "HTTP/2 200 OK"
2025-01-09 15:22:06,658 - httpx - INFO - HTTP Request: GET https://xiqbuolkrzuqmndwhudd.supabase.co/rest/v1/listings_coches?select=id&url=eq.https%3A%2F%2Fes.wallapop.com%2Fitem%2Fbmw-serie-1-2012-1079804813 "HTTP/2 200 OK"
2025-01-09 15:22:13,159 - httpx - INFO - HTTP Request: POST https://xiqbuolkrzuqmndwhudd.supabase.co/rest/v1/searches "HTTP/2 201 Created"
2025-01-09 15:22:13,376 - httpx - INFO - HTTP Request: GET https://xiqbuolkrzuqmndwhudd.supabase.co/rest/v1/listings_coches?select=id&url=eq.https%3A%2F%2Fes.wallapop.com%2Fitem%2Fmercedes-benz-clase-a-2017-1086354126 "HTTP/2 200 OK"
2025-01-09 15:22:13,609 - httpx - INFO - HTTP Request: GET https://xiqbuolkrzuqmndwhudd.supabase.co/rest/v1/listings_coches?select=id&url=eq.https%3A%2F%2Fes.wallapop.com%2Fitem%2Fmercedes-benz-clase-c-2017-1074312436 "HTTP/2 200 OK"
2025-01-09 15:22:13,835 - httpx - INFO - HTTP Request: GET https://xiqbuolkrzuqmndwhudd.supabase.co/rest/v1/listings_coches?select=id&url=eq.https%3A%2F%2Fes.wallapop.com%2Fitem%2Fmercedes-benz-cla-220d-amg-pack-2017-accidentado-1068609300 "HTTP/2 200 OK"
2025-01-09 15:22:14,061 - httpx - INFO - HTTP Request: GET https://xiqbuolkrzuqmndwhudd.supabase.co/rest/v1/listings_coches?select=id&url=eq.https%3A%2F%2Fes.wallapop.com%2Fitem%2Fmercedes-benz-clase-a-2015-994899080 "HTTP/2 200 OK"
2025-01-09 15:22:14,281 - httpx - INFO - HTTP Request: GET https://xiqbuolkrzuqmndwhudd.supabase.co/rest/v1/listings_coches?select=id&url=eq.https%3A%2F%2Fes.wallapop.com%2Fitem%2Fmercedes-benz-clase-a-2014-1077289356 "HTTP/2 200 OK"
2025-01-09 15:22:21,818 - httpx - INFO - HTTP Request: POST https://xiqbuolkrzuqmndwhudd.supabase.co/rest/v1/searches "HTTP/2 201 Created"
2025-01-09 15:22:22,045 - httpx - INFO - HTTP Request: GET https://xiqbuolkrzuqmndwhudd.supabase.co/rest/v1/listings_coches?select=id&url=eq.https%3A%2F%2Fes.wallapop.com%2Fitem%2Frenault-captur-2019-1073226317 "HTTP/2 200 OK"
2025-01-09 15:22:22,259 - httpx - INFO - HTTP Request: GET https://xiqbuolkrzuqmndwhudd.supabase.co/rest/v1/listings_coches?select=id&url=eq.https%3A%2F%2Fes.wallapop.com%2Fitem%2Frenault-captur-2014-982664505 "HTTP/2 200 OK"
2025-01-09 15:22:22,472 - httpx - INFO - HTTP Request: GET https://xiqbuolkrzuqmndwhudd.supabase.co/rest/v1/listings_coches?select=id&url=eq.https%3A%2F%2Fes.wallapop.com%2Fitem%2Frenault-captur-2014-969019015 "HTTP/2 200 OK"
2025-01-09 15:22:22,690 - httpx - INFO - HTTP Request: GET https://xiqbuolkrzuqmndwhudd.supabase.co/rest/v1/listings_coches?select=id&url=eq.https%3A%2F%2Fes.wallapop.com%2Fitem%2Frenault-captur-1049104499 "HTTP/2 200 OK"
2025-01-09 15:22:22,914 - httpx - INFO - HTTP Request: GET https://xiqbuolkrzuqmndwhudd.supabase.co/rest/v1/listings_coches?select=id&url=eq.https%3A%2F%2Fes.wallapop.com%2Fitem%2Frenault-captur-2014-1056510629 "HTTP/2 200 OK"
2025-01-09 15:22:29,362 - httpx - INFO - HTTP Request: POST https://xiqbuolkrzuqmndwhudd.supabase.co/rest/v1/searches "HTTP/2 201 Created"
2025-01-09 15:22:29,586 - httpx - INFO - HTTP Request: GET https://xiqbuolkrzuqmndwhudd.supabase.co/rest/v1/listings_coches?select=id&url=eq.https%3A%2F%2Fes.wallapop.com%2Fitem%2Fcitroen-c4-cactus-2014-1082798734 "HTTP/2 200 OK"
2025-01-09 15:22:29,800 - httpx - INFO - HTTP Request: GET https://xiqbuolkrzuqmndwhudd.supabase.co/rest/v1/listings_coches?select=id&url=eq.https%3A%2F%2Fes.wallapop.com%2Fitem%2Fcitroen-c4-cactus-2016-1087511230 "HTTP/2 200 OK"
2025-01-09 15:22:30,026 - httpx - INFO - HTTP Request: POST https://xiqbuolkrzuqmndwhudd.supabase.co/rest/v1/listings_coches "HTTP/2 201 Created"
2025-01-09 15:22:30,266 - httpx - INFO - HTTP Request: POST https://xiqbuolkrzuqmndwhudd.supabase.co/rest/v1/listing_images_coches "HTTP/2 201 Created"
2025-01-09 15:22:30,487 - httpx - INFO - HTTP Request: GET https://xiqbuolkrzuqmndwhudd.supabase.co/rest/v1/listings_coches?select=id&url=eq.https%3A%2F%2Fes.wallapop.com%2Fitem%2Fcitroen-c4-cactus-2016-1069453823 "HTTP/2 200 OK"
2025-01-09 15:22:30,709 - httpx - INFO - HTTP Request: GET https://xiqbuolkrzuqmndwhudd.supabase.co/rest/v1/listings_coches?select=id&url=eq.https%3A%2F%2Fes.wallapop.com%2Fitem%2Fcitroen-c4-cactus-2017-1080214743 "HTTP/2 200 OK"
2025-01-09 15:22:30,934 - httpx - INFO - HTTP Request: GET https://xiqbuolkrzuqmndwhudd.supabase.co/rest/v1/listings_coches?select=id&url=eq.https%3A%2F%2Fes.wallapop.com%2Fitem%2Fcitroen-c4-cactus-2015-1069824211 "HTTP/2 200 OK"
2025-01-09 15:22:38,331 - httpx - INFO - HTTP Request: POST https://xiqbuolkrzuqmndwhudd.supabase.co/rest/v1/searches "HTTP/2 201 Created"
2025-01-09 15:22:38,558 - httpx - INFO - HTTP Request: GET https://xiqbuolkrzuqmndwhudd.supabase.co/rest/v1/listings_coches?select=id&url=eq.https%3A%2F%2Fes.wallapop.com%2Fitem%2Fnissan-micra-2011-1085129793 "HTTP/2 200 OK"
2025-01-09 15:22:38,774 - httpx - INFO - HTTP Request: GET https://xiqbuolkrzuqmndwhudd.supabase.co/rest/v1/listings_coches?select=id&url=eq.https%3A%2F%2Fes.wallapop.com%2Fitem%2Fnissan-micra-2011-1083166811 "HTTP/2 200 OK"
2025-01-09 15:22:39,006 - httpx - INFO - HTTP Request: GET https://xiqbuolkrzuqmndwhudd.supabase.co/rest/v1/listings_coches?select=id&url=eq.https%3A%2F%2Fes.wallapop.com%2Fitem%2Fnissan-micra-1071329184 "HTTP/2 200 OK"
2025-01-09 15:22:39,234 - httpx - INFO - HTTP Request: GET https://xiqbuolkrzuqmndwhudd.supabase.co/rest/v1/listings_coches?select=id&url=eq.https%3A%2F%2Fes.wallapop.com%2Fitem%2Fnissan-micra-2011-145000km-garantia-12-meses-1049189844 "HTTP/2 200 OK"
2025-01-09 15:22:39,451 - httpx - INFO - HTTP Request: GET https://xiqbuolkrzuqmndwhudd.supabase.co/rest/v1/listings_coches?select=id&url=eq.https%3A%2F%2Fes.wallapop.com%2Fitem%2Fnissan-micra-acenta-5p-2013-1085422626 "HTTP/2 200 OK"
2025-01-09 15:22:46,004 - httpx - INFO - HTTP Request: POST https://xiqbuolkrzuqmndwhudd.supabase.co/rest/v1/searches "HTTP/2 201 Created"
2025-01-09 15:22:46,214 - httpx - INFO - HTTP Request: GET https://xiqbuolkrzuqmndwhudd.supabase.co/rest/v1/listings_coches?select=id&url=eq.https%3A%2F%2Fes.wallapop.com%2Fitem%2Fpeugeot-5008-2014-1069397049 "HTTP/2 200 OK"
2025-01-09 15:22:46,429 - httpx - INFO - HTTP Request: GET https://xiqbuolkrzuqmndwhudd.supabase.co/rest/v1/listings_coches?select=id&url=eq.https%3A%2F%2Fes.wallapop.com%2Fitem%2Fpeugeot-5008-2011-1086273724 "HTTP/2 200 OK"
2025-01-09 15:22:46,646 - httpx - INFO - HTTP Request: GET https://xiqbuolkrzuqmndwhudd.supabase.co/rest/v1/listings_coches?select=id&url=eq.https%3A%2F%2Fes.wallapop.com%2Fitem%2Fpeugeot-5008-2010-1080557051 "HTTP/2 200 OK"
2025-01-09 15:22:46,853 - httpx - INFO - HTTP Request: GET https://xiqbuolkrzuqmndwhudd.supabase.co/rest/v1/listings_coches?select=id&url=eq.https%3A%2F%2Fes.wallapop.com%2Fitem%2Fpeugeot-5008-2011-1074021785 "HTTP/2 200 OK"
2025-01-09 15:22:47,067 - httpx - INFO - HTTP Request: GET https://xiqbuolkrzuqmndwhudd.supabase.co/rest/v1/listings_coches?select=id&url=eq.https%3A%2F%2Fes.wallapop.com%2Fitem%2Fpeugeot-5008-2012-1068926766 "HTTP/2 200 OK"
2025-01-09 15:22:53,705 - httpx - INFO - HTTP Request: POST https://xiqbuolkrzuqmndwhudd.supabase.co/rest/v1/searches "HTTP/2 201 Created"
2025-01-09 15:22:53,921 - httpx - INFO - HTTP Request: GET https://xiqbuolkrzuqmndwhudd.supabase.co/rest/v1/listings_coches?select=id&url=eq.https%3A%2F%2Fes.wallapop.com%2Fitem%2Fford-focus-2013-1082828489 "HTTP/2 200 OK"
2025-01-09 15:22:54,145 - httpx - INFO - HTTP Request: GET https://xiqbuolkrzuqmndwhudd.supabase.co/rest/v1/listings_coches?select=id&url=eq.https%3A%2F%2Fes.wallapop.com%2Fitem%2Fford-kuga-2013-1036958970 "HTTP/2 200 OK"
2025-01-09 15:22:54,745 - httpx - INFO - HTTP Request: GET https://xiqbuolkrzuqmndwhudd.supabase.co/rest/v1/listings_coches?select=id&url=eq.https%3A%2F%2Fes.wallapop.com%2Fitem%2Fford-focus-161-000-km-2014-1079850254 "HTTP/2 200 OK"
2025-01-09 15:22:54,958 - httpx - INFO - HTTP Request: GET https://xiqbuolkrzuqmndwhudd.supabase.co/rest/v1/listings_coches?select=id&url=eq.https%3A%2F%2Fes.wallapop.com%2Fitem%2Fford-kuga-2013-1038245209 "HTTP/2 200 OK"
2025-01-09 15:22:55,190 - httpx - INFO - HTTP Request: GET https://xiqbuolkrzuqmndwhudd.supabase.co/rest/v1/listings_coches?select=id&url=eq.https%3A%2F%2Fes.wallapop.com%2Fitem%2Fford-focus-2012-1026314057 "HTTP/2 200 OK"
2025-01-09 15:23:02,524 - httpx - INFO - HTTP Request: POST https://xiqbuolkrzuqmndwhudd.supabase.co/rest/v1/searches "HTTP/2 201 Created"
2025-01-09 15:23:03,139 - httpx - INFO - HTTP Request: GET https://xiqbuolkrzuqmndwhudd.supabase.co/rest/v1/listings_coches?select=id&url=eq.https%3A%2F%2Fes.wallapop.com%2Fitem%2Fmazda-cx-5-2019-1080416182 "HTTP/2 200 OK"
2025-01-09 15:23:03,446 - httpx - INFO - HTTP Request: GET https://xiqbuolkrzuqmndwhudd.supabase.co/rest/v1/listings_coches?select=id&url=eq.https%3A%2F%2Fes.wallapop.com%2Fitem%2Fmazda-cx-5-2-2-d-150-cv-pegatina-c-1057238879 "HTTP/2 200 OK"
2025-01-09 15:23:03,751 - httpx - INFO - HTTP Request: GET https://xiqbuolkrzuqmndwhudd.supabase.co/rest/v1/listings_coches?select=id&url=eq.https%3A%2F%2Fes.wallapop.com%2Fitem%2Fmazda-cx-5-2013-1010422952 "HTTP/2 200 OK"
2025-01-09 15:23:04,060 - httpx - INFO - HTTP Request: GET https://xiqbuolkrzuqmndwhudd.supabase.co/rest/v1/listings_coches?select=id&url=eq.https%3A%2F%2Fes.wallapop.com%2Fitem%2Fmazda-cx-5-2014-1087422013 "HTTP/2 200 OK"
2025-01-09 15:23:04,366 - httpx - INFO - HTTP Request: GET https://xiqbuolkrzuqmndwhudd.supabase.co/rest/v1/listings_coches?select=id&url=eq.https%3A%2F%2Fes.wallapop.com%2Fitem%2Fmazda-cx-5-2014-1082051341 "HTTP/2 200 OK"
2025-01-09 15:23:10,969 - httpx - INFO - HTTP Request: POST https://xiqbuolkrzuqmndwhudd.supabase.co/rest/v1/searches "HTTP/2 201 Created"
2025-01-09 15:23:11,184 - httpx - INFO - HTTP Request: GET https://xiqbuolkrzuqmndwhudd.supabase.co/rest/v1/listings_coches?select=id&url=eq.https%3A%2F%2Fes.wallapop.com%2Fitem%2Fvolkswagen-tiguan-2010-1071634230 "HTTP/2 200 OK"
2025-01-09 15:23:11,399 - httpx - INFO - HTTP Request: GET https://xiqbuolkrzuqmndwhudd.supabase.co/rest/v1/listings_coches?select=id&url=eq.https%3A%2F%2Fes.wallapop.com%2Fitem%2Fvolkswagen-tiguan-2010-1084078702 "HTTP/2 200 OK"
2025-01-09 15:23:11,648 - httpx - INFO - HTTP Request: GET https://xiqbuolkrzuqmndwhudd.supabase.co/rest/v1/listings_coches?select=id&url=eq.https%3A%2F%2Fes.wallapop.com%2Fitem%2Fvolkswagen-tiguan-2012-1079648626 "HTTP/2 200 OK"
2025-01-09 15:23:11,871 - httpx - INFO - HTTP Request: GET https://xiqbuolkrzuqmndwhudd.supabase.co/rest/v1/listings_coches?select=id&url=eq.https%3A%2F%2Fes.wallapop.com%2Fitem%2Fvolkswagen-tiguan-2012-1048169157 "HTTP/2 200 OK"
2025-01-09 15:23:12,099 - httpx - INFO - HTTP Request: GET https://xiqbuolkrzuqmndwhudd.supabase.co/rest/v1/listings_coches?select=id&url=eq.https%3A%2F%2Fes.wallapop.com%2Fitem%2Fvolkswagen-scirocco-2010-1075756196 "HTTP/2 200 OK"
2025-01-09 15:23:18,648 - httpx - INFO - HTTP Request: POST https://xiqbuolkrzuqmndwhudd.supabase.co/rest/v1/searches "HTTP/2 201 Created"
2025-01-09 15:23:18,871 - httpx - INFO - HTTP Request: GET https://xiqbuolkrzuqmndwhudd.supabase.co/rest/v1/listings_coches?select=id&url=eq.https%3A%2F%2Fes.wallapop.com%2Fitem%2Faudi-q3-2012-1073896144 "HTTP/2 200 OK"
2025-01-09 15:23:19,086 - httpx - INFO - HTTP Request: GET https://xiqbuolkrzuqmndwhudd.supabase.co/rest/v1/listings_coches?select=id&url=eq.https%3A%2F%2Fes.wallapop.com%2Fitem%2Faudi-q3-2011-974786285 "HTTP/2 200 OK"
2025-01-09 15:23:19,316 - httpx - INFO - HTTP Request: GET https://xiqbuolkrzuqmndwhudd.supabase.co/rest/v1/listings_coches?select=id&url=eq.https%3A%2F%2Fes.wallapop.com%2Fitem%2Faudi-q3-2013-1059615112 "HTTP/2 200 OK"
2025-01-09 15:23:19,527 - httpx - INFO - HTTP Request: GET https://xiqbuolkrzuqmndwhudd.supabase.co/rest/v1/listings_coches?select=id&url=eq.https%3A%2F%2Fes.wallapop.com%2Fitem%2Faudi-q3-2011-1086073173 "HTTP/2 200 OK"
2025-01-09 15:23:19,746 - httpx - INFO - HTTP Request: GET https://xiqbuolkrzuqmndwhudd.supabase.co/rest/v1/listings_coches?select=id&url=eq.https%3A%2F%2Fes.wallapop.com%2Fitem%2Faudi-q3-2012-1059531349 "HTTP/2 200 OK"
2025-01-09 15:23:26,404 - httpx - INFO - HTTP Request: POST https://xiqbuolkrzuqmndwhudd.supabase.co/rest/v1/searches "HTTP/2 201 Created"
2025-01-09 15:23:26,630 - httpx - INFO - HTTP Request: GET https://xiqbuolkrzuqmndwhudd.supabase.co/rest/v1/listings_coches?select=id&url=eq.https%3A%2F%2Fes.wallapop.com%2Fitem%2Fbmw-x1-20d-como-nuevo-1047888145 "HTTP/2 200 OK"
2025-01-09 15:23:26,854 - httpx - INFO - HTTP Request: GET https://xiqbuolkrzuqmndwhudd.supabase.co/rest/v1/listings_coches?select=id&url=eq.https%3A%2F%2Fes.wallapop.com%2Fitem%2Fbmw-x1-2012-1-9-143cv-diesel-1085160283 "HTTP/2 200 OK"
2025-01-09 15:23:27,087 - httpx - INFO - HTTP Request: GET https://xiqbuolkrzuqmndwhudd.supabase.co/rest/v1/listings_coches?select=id&url=eq.https%3A%2F%2Fes.wallapop.com%2Fitem%2Fbmw-x1-2013-1064327688 "HTTP/2 200 OK"
2025-01-09 15:23:27,307 - httpx - INFO - HTTP Request: GET https://xiqbuolkrzuqmndwhudd.supabase.co/rest/v1/listings_coches?select=id&url=eq.https%3A%2F%2Fes.wallapop.com%2Fitem%2Fbmw-serie-1-2013-1064640313 "HTTP/2 200 OK"
2025-01-09 15:23:27,525 - httpx - INFO - HTTP Request: GET https://xiqbuolkrzuqmndwhudd.supabase.co/rest/v1/listings_coches?select=id&url=eq.https%3A%2F%2Fes.wallapop.com%2Fitem%2Fbmw-x1-2013-845478773 "HTTP/2 200 OK"
2025-01-09 15:23:33,993 - httpx - INFO - HTTP Request: POST https://xiqbuolkrzuqmndwhudd.supabase.co/rest/v1/searches "HTTP/2 201 Created"
2025-01-09 15:23:34,206 - httpx - INFO - HTTP Request: GET https://xiqbuolkrzuqmndwhudd.supabase.co/rest/v1/listings_coches?select=id&url=eq.https%3A%2F%2Fes.wallapop.com%2Fitem%2Fa-180-cdi-be-109-5p-2015-140-000km-1078151650 "HTTP/2 200 OK"
2025-01-09 15:23:34,415 - httpx - INFO - HTTP Request: GET https://xiqbuolkrzuqmndwhudd.supabase.co/rest/v1/listings_coches?select=id&url=eq.https%3A%2F%2Fes.wallapop.com%2Fitem%2Fmercedes-benz-gla-2016-1071805198 "HTTP/2 200 OK"
2025-01-09 15:23:34,627 - httpx - INFO - HTTP Request: GET https://xiqbuolkrzuqmndwhudd.supabase.co/rest/v1/listings_coches?select=id&url=eq.https%3A%2F%2Fes.wallapop.com%2Fitem%2Fmercedes-benz-gla-2014-1086749244 "HTTP/2 200 OK"
2025-01-09 15:23:34,840 - httpx - INFO - HTTP Request: GET https://xiqbuolkrzuqmndwhudd.supabase.co/rest/v1/listings_coches?select=id&url=eq.https%3A%2F%2Fes.wallapop.com%2Fitem%2Fmercedes-benz-clase-gla-gla-200-cdi-amg-line-100-kw-136-cv-1072003174 "HTTP/2 200 OK"
2025-01-09 15:23:35,071 - httpx - INFO - HTTP Request: GET https://xiqbuolkrzuqmndwhudd.supabase.co/rest/v1/listings_coches?select=id&url=eq.https%3A%2F%2Fes.wallapop.com%2Fitem%2Fmercedes-benz-clase-gla-gla-200-cdi-amg-line-100-kw-136-cv-1072007069 "HTTP/2 200 OK"
2025-01-09 15:23:41,606 - httpx - INFO - HTTP Request: POST https://xiqbuolkrzuqmndwhudd.supabase.co/rest/v1/searches "HTTP/2 201 Created"
2025-01-09 15:23:41,814 - httpx - INFO - HTTP Request: GET https://xiqbuolkrzuqmndwhudd.supabase.co/rest/v1/listings_coches?select=id&url=eq.https%3A%2F%2Fes.wallapop.com%2Fitem%2Fskoda-superb-2015-1087045382 "HTTP/2 200 OK"
2025-01-09 15:23:42,020 - httpx - INFO - HTTP Request: GET https://xiqbuolkrzuqmndwhudd.supabase.co/rest/v1/listings_coches?select=id&url=eq.https%3A%2F%2Fes.wallapop.com%2Fitem%2Fskoda-superb-2015-926038567 "HTTP/2 200 OK"
2025-01-09 15:23:42,226 - httpx - INFO - HTTP Request: GET https://xiqbuolkrzuqmndwhudd.supabase.co/rest/v1/listings_coches?select=id&url=eq.https%3A%2F%2Fes.wallapop.com%2Fitem%2Fskoda-superb-2-0-tdi-110kw-150cv-active-1082521459 "HTTP/2 200 OK"
2025-01-09 15:23:42,437 - httpx - INFO - HTTP Request: GET https://xiqbuolkrzuqmndwhudd.supabase.co/rest/v1/listings_coches?select=id&url=eq.https%3A%2F%2Fes.wallapop.com%2Fitem%2Fskoda-superb-combi-2-0-tdi-190-4x4-dsg-2017-1079079143 "HTTP/2 200 OK"
2025-01-09 15:23:42,645 - httpx - INFO - HTTP Request: GET https://xiqbuolkrzuqmndwhudd.supabase.co/rest/v1/listings_coches?select=id&url=eq.https%3A%2F%2Fes.wallapop.com%2Fitem%2Fskoda-octavia-combi-2-0tdi-2021-1080975040 "HTTP/2 200 OK"
2025-01-09 15:24:01,870 - httpx - INFO - HTTP Request: POST https://xiqbuolkrzuqmndwhudd.supabase.co/rest/v1/searches "HTTP/2 201 Created"
2025-01-09 15:24:02,080 - httpx - INFO - HTTP Request: GET https://xiqbuolkrzuqmndwhudd.supabase.co/rest/v1/listings_coches?select=id&url=eq.https%3A%2F%2Fes.wallapop.com%2Fitem%2Fhonda-hr-v-1-5-i-vtec-elegance-navi-1080831174 "HTTP/2 200 OK"
2025-01-09 15:24:02,303 - httpx - INFO - HTTP Request: GET https://xiqbuolkrzuqmndwhudd.supabase.co/rest/v1/listings_coches?select=id&url=eq.https%3A%2F%2Fes.wallapop.com%2Fitem%2Fhonda-hr-v-1-5-i-vtec-cvt-elegance-navi-1066085351 "HTTP/2 200 OK"
2025-01-09 15:24:02,516 - httpx - INFO - HTTP Request: GET https://xiqbuolkrzuqmndwhudd.supabase.co/rest/v1/listings_coches?select=id&url=eq.https%3A%2F%2Fes.wallapop.com%2Fitem%2Fhonda-hr-v-2016-1075397937 "HTTP/2 200 OK"
2025-01-09 15:24:02,755 - httpx - INFO - HTTP Request: GET https://xiqbuolkrzuqmndwhudd.supabase.co/rest/v1/listings_coches?select=id&url=eq.https%3A%2F%2Fes.wallapop.com%2Fitem%2Fhonda-hr-v-2016-1075400050 "HTTP/2 200 OK"
2025-01-09 15:24:02,974 - httpx - INFO - HTTP Request: GET https://xiqbuolkrzuqmndwhudd.supabase.co/rest/v1/listings_coches?select=id&url=eq.https%3A%2F%2Fes.wallapop.com%2Fitem%2Fhonda-hr-v-2016-1072103604 "HTTP/2 200 OK"
2025-01-09 15:24:09,418 - httpx - INFO - HTTP Request: POST https://xiqbuolkrzuqmndwhudd.supabase.co/rest/v1/searches "HTTP/2 201 Created"
2025-01-09 15:24:09,630 - httpx - INFO - HTTP Request: GET https://xiqbuolkrzuqmndwhudd.supabase.co/rest/v1/listings_coches?select=id&url=eq.https%3A%2F%2Fes.wallapop.com%2Fitem%2Fhyundai-i30-2019-accidentado-1084729497 "HTTP/2 200 OK"
2025-01-09 15:24:09,846 - httpx - INFO - HTTP Request: GET https://xiqbuolkrzuqmndwhudd.supabase.co/rest/v1/listings_coches?select=id&url=eq.https%3A%2F%2Fes.wallapop.com%2Fitem%2Fhyundai-i30-2016-1081524353 "HTTP/2 200 OK"
2025-01-09 15:24:10,058 - httpx - INFO - HTTP Request: GET https://xiqbuolkrzuqmndwhudd.supabase.co/rest/v1/listings_coches?select=id&url=eq.https%3A%2F%2Fes.wallapop.com%2Fitem%2Fhyundai-i30-1-4i-100cv-ano-2013-113-000km-1067376671 "HTTP/2 200 OK"
2025-01-09 15:24:10,271 - httpx - INFO - HTTP Request: GET https://xiqbuolkrzuqmndwhudd.supabase.co/rest/v1/listings_coches?select=id&url=eq.https%3A%2F%2Fes.wallapop.com%2Fitem%2Fhyundai-i30-2013-1074066948 "HTTP/2 200 OK"
2025-01-09 15:24:10,478 - httpx - INFO - HTTP Request: GET https://xiqbuolkrzuqmndwhudd.supabase.co/rest/v1/listings_coches?select=id&url=eq.https%3A%2F%2Fes.wallapop.com%2Fitem%2Fhyundai-i30-0-1057711652 "HTTP/2 200 OK"
2025-01-09 15:24:17,662 - httpx - INFO - HTTP Request: POST https://xiqbuolkrzuqmndwhudd.supabase.co/rest/v1/searches "HTTP/2 201 Created"
2025-01-09 15:24:17,891 - httpx - INFO - HTTP Request: GET https://xiqbuolkrzuqmndwhudd.supabase.co/rest/v1/listings_coches?select=id&url=eq.https%3A%2F%2Fes.wallapop.com%2Fitem%2Ftoyota-aygo-2014-1039239470 "HTTP/2 200 OK"
